GROUP,PACKAGE,CLASS,INSTRUCTION_MISSED,INSTRUCTION_COVERED,BRANCH_MISSED,BRANCH_COVERED,LINE_MISSED,LINE_COVERED,COMPLEXITY_MISSED,COMPLEXITY_COVERED,METHOD_MISSED,METHOD_COVERED
Apache PDFBox,org.apache.pdfbox.pdfwriter.compress,CompressParameters,5,32,1,3,1,10,1,6,0,5
Apache PDFBox,org.apache.pdfbox.pdfwriter.compress,COSWriterCompressionPool,10,416,11,79,3,97,11,47,0,13
Apache PDFBox,org.apache.pdfbox.pdfwriter.compress,COSObjectPool,19,119,8,12,3,26,7,10,0,7
Apache PDFBox,org.apache.pdfbox.pdfwriter.compress,COSWriterObjectStream.DirectAccessByteArrayOutputStream,0,9,0,0,0,2,0,2,0,2
Apache PDFBox,org.apache.pdfbox.pdfwriter.compress,COSWriterObjectStream,45,424,14,40,11,115,12,30,0,15
Apache PDFBox,org.apache.pdfbox.pdmodel.interactive.digitalsignature.visible,PDFTemplateCreator,241,0,0,0,58,0,5,0,5,0
Apache PDFBox,org.apache.pdfbox.pdmodel.interactive.digitalsignature.visible,PDVisibleSigBuilder,666,0,2,0,181,0,33,0,32,0
Apache PDFBox,org.apache.pdfbox.pdmodel.interactive.digitalsignature.visible,PDVisibleSignDesigner,716,0,6,0,128,0,44,0,40,0
Apache PDFBox,org.apache.pdfbox.pdmodel.interactive.digitalsignature.visible,PDVisibleSigProperties,82,0,0,0,29,0,18,0,18,0
Apache PDFBox,org.apache.pdfbox.pdmodel.interactive.digitalsignature.visible,PDFTemplateStructure,192,0,0,0,82,0,55,0,55,0
Apache PDFBox,org.apache.pdfbox.pdfwriter,COSWriter,523,2191,80,208,95,540,69,136,7,54
Apache PDFBox,org.apache.pdfbox.pdfwriter,ContentStreamWriter,22,325,3,31,6,77,5,21,2,7
Apache PDFBox,org.apache.pdfbox.pdfwriter,COSStandardOutputStream,4,104,0,2,2,28,1,11,1,10
Apache PDFBox,org.apache.pdfbox.pdmodel.interactive.form,PDComboBox,13,35,0,2,3,11,2,4,2,3
Apache PDFBox,org.apache.pdfbox.pdmodel.interactive.form,PDTerminalField,66,146,10,16,16,41,11,12,2,8
Apache PDFBox,org.apache.pdfbox.pdmodel.interactive.form,PDFieldTree,5,18,1,1,1,6,1,3,0,3
Apache PDFBox,org.apache.pdfbox.pdmodel.interactive.form,PDFieldFactory,17,159,8,24,4,31,7,13,0,4
Apache PDFBox,org.apache.pdfbox.pdmodel.interactive.form,PDListBox,0,39,0,2,0,12,0,6,0,5
Apache PDFBox,org.apache.pdfbox.pdmodel.interactive.form,PDChoice,61,306,10,32,15,78,17,31,7,20
Apache PDFBox,org.apache.pdfbox.pdmodel.interactive.form,PDAcroForm,246,717,37,83,59,168,42,63,16,29
Apache PDFBox,org.apache.pdfbox.pdmodel.interactive.form,FieldUtils.KeyValue,6,15,0,0,1,6,1,3,1,3
Apache PDFBox,org.apache.pdfbox.pdmodel.interactive.form,AppearanceGeneratorHelper,220,1566,43,147,60,353,37,85,0,26
Apache PDFBox,org.apache.pdfbox.pdmodel.interactive.form,PDVariableText,40,120,7,13,11,34,8,14,3,9
Apache PDFBox,org.apache.pdfbox.pdmodel.interactive.form,PDDefaultAppearanceString,41,211,8,23,11,69,9,23,1,14
Apache PDFBox,org.apache.pdfbox.pdmodel.interactive.form,PDField,202,164,29,19,45,45,31,18,12,13
Apache PDFBox,org.apache.pdfbox.pdmodel.interactive.form,FieldUtils,22,107,6,14,6,22,7,8,1,4
Apache PDFBox,org.apache.pdfbox.pdmodel.interactive.form,PDCheckBox,8,62,4,6,4,16,5,6,1,5
Apache PDFBox,org.apache.pdfbox.pdmodel.interactive.form,PDNonTerminalField,164,58,18,6,43,15,23,5,12,4
Apache PDFBox,org.apache.pdfbox.pdmodel.interactive.form,PDPushButton,22,17,4,0,8,6,8,3,6,3
Apache PDFBox,org.apache.pdfbox.pdmodel.interactive.form,PDButton,14,398,12,50,5,110,12,38,0,19
Apache PDFBox,org.apache.pdfbox.pdmodel.interactive.form,PDTextField,52,104,0,0,14,26,8,16,8,16
Apache PDFBox,org.apache.pdfbox.pdmodel.interactive.form,PDRadioButton,7,94,0,10,2,26,1,10,1,5
Apache PDFBox,org.apache.pdfbox.pdmodel.interactive.form,PDSignatureField,119,64,23,1,27,17,22,5,10,5
Apache PDFBox,org.apache.pdfbox.pdmodel.interactive.form,PDXFAResource,77,0,8,0,19,0,10,0,6,0
Apache PDFBox,org.apache.pdfbox.pdmodel.interactive.form,PDFieldTree.FieldIterator,8,92,1,11,2,23,2,9,1,4
Apache PDFBox,org.apache.pdfbox.contentstream.operator.state,SetLineMiterLimit,7,26,2,2,2,8,2,3,0,3
Apache PDFBox,org.apache.pdfbox.contentstream.operator.state,SetLineWidth,7,26,2,2,2,8,2,3,0,3
Apache PDFBox,org.apache.pdfbox.contentstream.operator.state,Concatenate,7,68,2,2,2,15,2,3,0,3
Apache PDFBox,org.apache.pdfbox.contentstream.operator.state,SetMatrix,7,72,2,2,2,17,2,3,0,3
Apache PDFBox,org.apache.pdfbox.contentstream.operator.state,SetGraphicsStateParameters,7,45,2,4,2,15,2,5,0,4
Apache PDFBox,org.apache.pdfbox.contentstream.operator.state,SetLineJoinStyle,7,26,2,2,2,8,2,3,0,3
Apache PDFBox,org.apache.pdfbox.contentstream.operator.state,SetLineCapStyle,7,26,2,2,2,8,2,3,0,3
Apache PDFBox,org.apache.pdfbox.contentstream.operator.state,SetFlatness,7,27,2,2,2,8,2,3,0,3
Apache PDFBox,org.apache.pdfbox.contentstream.operator.state,SetRenderingIntent,7,26,2,2,2,9,2,3,0,3
Apache PDFBox,org.apache.pdfbox.contentstream.operator.state,SetLineDashPattern,19,65,5,7,8,18,5,5,0,4
Apache PDFBox,org.apache.pdfbox.contentstream.operator.state,EmptyGraphicsStackException,4,0,0,0,2,0,1,0,1,0
Apache PDFBox,org.apache.pdfbox.contentstream.operator.state,Restore,4,17,1,1,1,7,1,3,0,3
Apache PDFBox,org.apache.pdfbox.contentstream.operator.state,Save,0,10,0,0,0,5,0,3,0,3
Apache PDFBox,org.apache.pdfbox.pdfparser,EndstreamFilterStream,5,177,9,31,0,40,8,15,0,3
Apache PDFBox,org.apache.pdfbox.pdfparser,XrefParser,223,903,47,85,64,208,41,40,0,15
Apache PDFBox,org.apache.pdfbox.pdfparser,XrefTrailerResolver.XRefType,0,15,0,0,0,3,0,1,0,1
Apache PDFBox,org.apache.pdfbox.pdfparser,PDFXrefStreamParser,44,278,11,25,10,49,11,13,0,6
Apache PDFBox,org.apache.pdfbox.pdfparser,BaseParser,85,573,19,105,19,161,18,73,0,25
Apache PDFBox,org.apache.pdfbox.pdfparser,PDFXrefStreamParser.ObjectNumbers,17,166,6,14,4,32,6,7,0,3
Apache PDFBox,org.apache.pdfbox.pdfparser,COSParser,655,2422,172,296,138,552,138,156,5,51
Apache PDFBox,org.apache.pdfbox.pdfparser,PDFObjectStreamParser,25,313,13,31,5,71,13,15,0,6
Apache PDFBox,org.apache.pdfbox.pdfparser,BruteForceParser,220,1416,68,158,53,318,53,83,0,23
Apache PDFBox,org.apache.pdfbox.pdfparser,FDFParser,19,38,5,3,4,13,4,3,0,3
Apache PDFBox,org.apache.pdfbox.pdfparser,PDFXRefStream,6,477,2,46,2,96,2,32,0,10
Apache PDFBox,org.apache.pdfbox.pdfparser,XrefTrailerResolver.XrefTrailerObj,4,14,0,0,2,5,1,1,1,1
Apache PDFBox,org.apache.pdfbox.pdfparser,PDFParser,32,107,5,13,9,29,10,10,5,6
Apache PDFBox,org.apache.pdfbox.pdfparser,XrefTrailerResolver,147,195,19,19,40,46,20,15,6,10
Apache PDFBox,org.apache.pdfbox.pdfparser,PDFStreamParser,152,636,51,136,38,137,45,64,1,10
Apache PDFBox,org.apache.pdfbox.text,PDFTextStripper,228,2150,52,276,76,549,66,192,22,72
Apache PDFBox,org.apache.pdfbox.text,TextPosition,364,1029,65,107,81,196,58,69,13,28
Apache PDFBox,org.apache.pdfbox.text,PDFTextStripper.PositionWrapper,7,55,0,0,3,22,2,10,2,10
Apache PDFBox,org.apache.pdfbox.text,TextPositionComparator,0,73,0,14,0,16,0,9,0,2
Apache PDFBox,org.apache.pdfbox.text,PDFMarkedContentExtractor,12,225,6,22,5,57,9,17,3,9
Apache PDFBox,org.apache.pdfbox.text,PDFTextStripper.WordWithTextPositions,0,15,0,0,0,6,0,3,0,3
Apache PDFBox,org.apache.pdfbox.text,PDFTextStripperByArea,0,171,1,7,0,40,1,13,0,10
Apache PDFBox,org.apache.pdfbox.text,PDFTextStripper.LineItem,0,29,0,2,0,10,0,7,0,6
Apache PDFBox,org.apache.pdfbox.text,LegacyPDFStreamEngine,39,510,14,38,11,110,14,18,1,5
Apache PDFBox,org.apache.pdfbox.pdmodel.common,COSDictionaryMap,149,76,14,6,34,21,23,6,14,5
Apache PDFBox,org.apache.pdfbox.pdmodel.common,COSArrayList,414,237,56,20,92,57,49,25,20,16
Apache PDFBox,org.apache.pdfbox.pdmodel.common,PDPageLabelRange,33,44,5,1,10,14,6,7,3,7
Apache PDFBox,org.apache.pdfbox.pdmodel.common,PDImmutableRectangle,0,25,0,0,0,6,0,5,0,5
Apache PDFBox,org.apache.pdfbox.pdmodel.common,PDPageLabels.LabelGenerator,74,267,10,16,13,32,11,12,2,6
Apache PDFBox,org.apache.pdfbox.pdmodel.common,PDTypedDictionaryWrapper,17,0,0,0,6,0,3,0,3,0
Apache PDFBox,org.apache.pdfbox.pdmodel.common,PDStream,232,140,20,10,60,40,27,19,16,15
Apache PDFBox,org.apache.pdfbox.pdmodel.common,PDRectangle,22,430,3,11,3,85,3,27,1,22
Apache PDFBox,org.apache.pdfbox.pdmodel.common,PDNameTreeNode,130,379,27,33,29,101,21,28,1,18
Apache PDFBox,org.apache.pdfbox.pdmodel.common,PDPageLabels,101,165,9,13,24,48,15,11,8,7
Apache PDFBox,org.apache.pdfbox.pdmodel.common,PDNumberTreeNode,37,470,9,49,7,114,9,35,0,15
Apache PDFBox,org.apache.pdfbox.pdmodel.common,PDDictionaryWrapper,6,32,1,3,2,11,2,5,1,4
Apache PDFBox,org.apache.pdfbox.pdmodel.common,PDMetadata,39,4,0,0,12,2,4,1,4,1
Apache PDFBox,org.apache.pdfbox.pdmodel.common,PDObjectStream,69,0,2,0,17,0,10,0,9,0
Apache PDFBox,org.apache.pdfbox.pdmodel.common,PDRange,18,80,0,0,6,18,4,6,4,6
Apache PDFBox,org.apache.pdfbox.pdmodel.graphics.state,PDGraphicsState,73,436,6,12,19,133,19,51,13,48
Apache PDFBox,org.apache.pdfbox.pdmodel.graphics.state,RenderingIntent,0,67,0,4,0,13,0,6,0,4
Apache PDFBox,org.apache.pdfbox.pdmodel.graphics.state,RenderingMode,17,107,15,9,1,17,13,6,1,6
Apache PDFBox,org.apache.pdfbox.pdmodel.graphics.state,PDTextState,13,84,0,0,5,33,2,18,2,18
Apache PDFBox,org.apache.pdfbox.pdmodel.graphics.state,PDSoftMask,136,13,18,2,40,4,20,2,10,2
Apache PDFBox,org.apache.pdfbox.pdmodel.graphics.state,PDExtendedGraphicsState,317,343,39,45,83,83,58,33,30,19
Apache PDFBox,org.apache.pdfbox.pdmodel.fixup,AbstractFixup,0,6,0,0,0,3,0,1,0,1
Apache PDFBox,org.apache.pdfbox.pdmodel.fixup,AcroFormDefaultFixup,0,38,0,6,0,9,0,5,0,2
Apache PDFBox,org.apache.pdfbox.pdmodel.documentinterchange.prepress,PDBoxStyle,128,0,8,0,34,0,15,0,11,0
Apache PDFBox,org.apache.pdfbox.pdmodel.interactive,PlainText,23,67,0,6,4,12,2,5,2,2
Apache PDFBox,org.apache.pdfbox.pdmodel.interactive,PlainText.Paragraph,2,207,2,20,1,51,2,12,0,3
Apache PDFBox,org.apache.pdfbox.pdmodel.interactive,AppearanceStyle,0,35,0,0,0,13,0,7,0,7
Apache PDFBox,org.apache.pdfbox.pdmodel.interactive,PlainTextFormatter,14,274,5,24,2,63,4,15,0,3
Apache PDFBox,org.apache.pdfbox.pdmodel.interactive,PlainText.Line,12,90,0,6,1,21,1,9,1,6
Apache PDFBox,org.apache.pdfbox.pdmodel.interactive,TextAlign,2,64,1,3,1,9,1,5,0,4
Apache PDFBox,org.apache.pdfbox.pdmodel.interactive,PlainText.Word,0,16,0,0,0,7,0,4,0,4
Apache PDFBox,org.apache.pdfbox.pdmodel.interactive,PlainText.TextAttribute,0,10,0,0,0,3,0,2,0,2
Apache PDFBox,org.apache.pdfbox.pdmodel.interactive,PlainTextFormatter.Builder,5,60,0,0,2,22,1,8,1,8
Apache PDFBox,org.apache.pdfbox.pdmodel.documentinterchange.markedcontent,PDPropertyList,0,44,0,4,0,13,0,6,0,4
Apache PDFBox,org.apache.pdfbox.pdmodel.documentinterchange.markedcontent,PDMarkedContent,44,77,8,6,7,21,9,12,4,10
Apache PDFBox,org.apache.pdfbox.pdmodel,PDDocumentInformation,92,83,8,2,29,19,16,14,12,13
Apache PDFBox,org.apache.pdfbox.pdmodel,PDEmbeddedFilesNameTreeNode,10,20,1,3,3,5,2,4,1,3
Apache PDFBox,org.apache.pdfbox.pdmodel,PDPageTree.PageIterator,31,110,7,13,6,24,8,8,2,4
Apache PDFBox,org.apache.pdfbox.pdmodel,DefaultResourceCache,348,460,63,35,63,82,49,30,11,19
Apache PDFBox,org.apache.pdfbox.pdmodel,PDDocumentNameDestinationDictionary,28,9,6,0,8,4,4,2,1,2
Apache PDFBox,org.apache.pdfbox.pdmodel,PDStructureElementNameTreeNode,7,23,2,2,1,7,2,4,0,4
Apache PDFBox,org.apache.pdfbox.pdmodel,DefaultResourceCacheCreateImpl,0,16,0,0,0,6,0,3,0,3
Apache PDFBox,org.apache.pdfbox.pdmodel,PDDocumentCatalog,211,431,24,44,51,101,30,51,13,34
Apache PDFBox,org.apache.pdfbox.pdmodel,PDPageContentStream.AppendMode,2,33,1,3,0,6,1,4,0,3
Apache PDFBox,org.apache.pdfbox.pdmodel,PDDocumentNameDictionary,72,40,7,3,18,10,10,4,5,4
Apache PDFBox,org.apache.pdfbox.pdmodel,PageMode,0,84,0,4,0,15,0,6,0,4
Apache PDFBox,org.apache.pdfbox.pdmodel,PDJavascriptNameTreeNode,27,0,2,0,8,0,5,0,4,0
Apache PDFBox,org.apache.pdfbox.pdmodel,MissingResourceException,0,4,0,0,0,2,0,1,0,1
Apache PDFBox,org.apache.pdfbox.pdmodel,PDPageContentStream,48,139,2,18,16,35,9,13,7,5
Apache PDFBox,org.apache.pdfbox.pdmodel,PDAbstractContentStream,481,1643,74,170,131,395,77,129,15,69
Apache PDFBox,org.apache.pdfbox.pdmodel,PDResources,164,682,38,124,44,173,46,81,14,32
Apache PDFBox,org.apache.pdfbox.pdmodel,PDDocument,717,669,106,56,197,171,79,60,20,38
Apache PDFBox,org.apache.pdfbox.pdmodel,PDFormContentStream,9,0,0,0,2,0,1,0,1,0
Apache PDFBox,org.apache.pdfbox.pdmodel,PDDestinationNameTreeNode,15,18,2,2,5,7,4,2,2,2
Apache PDFBox,org.apache.pdfbox.pdmodel,PDPage,302,738,43,63,72,174,47,64,18,40
Apache PDFBox,org.apache.pdfbox.pdmodel,PageLayout,0,84,0,4,0,15,0,6,0,4
Apache PDFBox,org.apache.pdfbox.pdmodel,PDPatternContentStream,9,0,0,0,2,0,1,0,1,0
Apache PDFBox,org.apache.pdfbox.pdmodel,PDAppearanceContentStream,102,118,24,22,27,36,20,15,2,8
Apache PDFBox,org.apache.pdfbox.pdmodel,PDPageTree,163,499,23,59,38,127,25,39,3,20
Apache PDFBox,org.apache.pdfbox.pdmodel,PDPageTree.SearchContext,0,26,0,2,0,7,0,3,0,2
Apache PDFBox,org.apache.pdfbox.pdmodel,ResourceCacheFactory,6,16,1,1,2,6,3,3,2,3
Apache PDFBox,org.apache.pdfbox.pdmodel.graphics.shading,PDMeshBasedShadingType,457,0,43,0,104,0,28,0,5,0
Apache PDFBox,org.apache.pdfbox.pdmodel.graphics.shading,Type7ShadingContext,9,0,0,0,2,0,1,0,1,0
Apache PDFBox,org.apache.pdfbox.pdmodel.graphics.shading,PatchMeshesShadingContext,80,0,6,0,16,0,7,0,4,0
Apache PDFBox,org.apache.pdfbox.pdmodel.graphics.shading,Type6ShadingContext,9,0,0,0,2,0,1,0,1,0
Apache PDFBox,org.apache.pdfbox.pdmodel.graphics.shading,Vertex,58,0,4,0,10,0,4,0,2,0
Apache PDFBox,org.apache.pdfbox.pdmodel.graphics.shading,ShadedTriangle,701,0,35,0,79,0,29,0,11,0
Apache PDFBox,org.apache.pdfbox.pdmodel.graphics.shading,Type5ShadingPaint,42,0,0,0,8,0,4,0,4,0
Apache PDFBox,org.apache.pdfbox.pdmodel.graphics.shading,Type6ShadingPaint,42,0,0,0,8,0,4,0,4,0
Apache PDFBox,org.apache.pdfbox.pdmodel.graphics.shading,Patch,502,0,34,0,57,0,27,0,10,0
Apache PDFBox,org.apache.pdfbox.pdmodel.graphics.shading,Type4ShadingContext,33,0,0,0,8,0,2,0,2,0
Apache PDFBox,org.apache.pdfbox.pdmodel.graphics.shading,PDTriangleBasedShadingType,389,0,32,0,72,0,30,0,14,0
Apache PDFBox,org.apache.pdfbox.pdmodel.graphics.shading,Type5ShadingContext,23,0,0,0,6,0,2,0,2,0
Apache PDFBox,org.apache.pdfbox.pdmodel.graphics.shading,Type1ShadingContext,272,0,20,0,52,0,16,0,6,0
Apache PDFBox,org.apache.pdfbox.pdmodel.graphics.shading,RadialShadingContext,715,0,62,0,111,0,42,0,11,0
Apache PDFBox,org.apache.pdfbox.pdmodel.graphics.shading,CoonsPatch,793,0,38,0,82,0,27,0,8,0
Apache PDFBox,org.apache.pdfbox.pdmodel.graphics.shading,TensorPatch,829,0,76,0,101,0,49,0,11,0
Apache PDFBox,org.apache.pdfbox.pdmodel.graphics.shading,GouraudShadingContext,67,0,4,0,15,0,7,0,5,0
Apache PDFBox,org.apache.pdfbox.pdmodel.graphics.shading,RadialShadingPaint,42,0,0,0,8,0,4,0,4,0
Apache PDFBox,org.apache.pdfbox.pdmodel.graphics.shading,PDShading,378,21,42,0,97,8,44,1,20,1
Apache PDFBox,org.apache.pdfbox.pdmodel.graphics.shading,PDShadingType4,381,0,29,0,69,0,22,0,7,0
Apache PDFBox,org.apache.pdfbox.pdmodel.graphics.shading,PDShadingType3,12,0,0,0,4,0,3,0,3,0
Apache PDFBox,org.apache.pdfbox.pdmodel.graphics.shading,PDShadingType2,84,0,6,0,25,0,12,0,9,0
Apache PDFBox,org.apache.pdfbox.pdmodel.graphics.shading,PDShadingType1,74,7,4,0,16,3,8,1,6,1
Apache PDFBox,org.apache.pdfbox.pdmodel.graphics.shading,PDShadingType7,24,0,0,0,6,0,5,0,5,0
Apache PDFBox,org.apache.pdfbox.pdmodel.graphics.shading,PDShadingType6,24,0,0,0,6,0,5,0,5,0
Apache PDFBox,org.apache.pdfbox.pdmodel.graphics.shading,PDShadingType5,337,0,26,0,66,0,20,0,7,0
Apache PDFBox,org.apache.pdfbox.pdmodel.graphics.shading,Type1ShadingPaint,41,0,0,0,8,0,4,0,4,0
Apache PDFBox,org.apache.pdfbox.pdmodel.graphics.shading,ShadingContext,96,0,2,0,23,0,9,0,8,0
Apache PDFBox,org.apache.pdfbox.pdmodel.graphics.shading,AxialShadingPaint,42,0,0,0,8,0,4,0,4,0
Apache PDFBox,org.apache.pdfbox.pdmodel.graphics.shading,Type7ShadingPaint,42,0,0,0,8,0,4,0,4,0
Apache PDFBox,org.apache.pdfbox.pdmodel.graphics.shading,ShadingPaint,15,0,0,0,6,0,3,0,3,0
Apache PDFBox,org.apache.pdfbox.pdmodel.graphics.shading,CubicBezierCurve,231,0,8,0,31,0,9,0,5,0
Apache PDFBox,org.apache.pdfbox.pdmodel.graphics.shading,TriangleBasedShadingContext,442,0,40,0,67,0,28,0,8,0
Apache PDFBox,org.apache.pdfbox.pdmodel.graphics.shading,AxialShadingContext,486,0,32,0,87,0,26,0,10,0
Apache PDFBox,org.apache.pdfbox.pdmodel.graphics.shading,Line,243,0,22,0,38,0,14,0,3,0
Apache PDFBox,org.apache.pdfbox.pdmodel.graphics.shading,CoordinateColorPair,11,0,0,0,4,0,1,0,1,0
Apache PDFBox,org.apache.pdfbox.pdmodel.graphics.shading,Type4ShadingPaint,42,0,0,0,8,0,4,0,4,0
Apache PDFBox,org.apache.pdfbox.contentstream.operator.markedcontent,EndMarkedContentSequence,0,10,0,0,0,5,0,3,0,3
Apache PDFBox,org.apache.pdfbox.contentstream.operator.markedcontent,MarkedContentPointWithProperties,60,6,12,0,19,3,7,2,1,2
Apache PDFBox,org.apache.pdfbox.contentstream.operator.markedcontent,BeginMarkedContentSequenceWithProperties,8,58,5,7,3,19,5,4,0,3
Apache PDFBox,org.apache.pdfbox.contentstream.operator.markedcontent,MarkedContentPoint,25,6,4,0,7,3,3,2,1,2
Apache PDFBox,org.apache.pdfbox.contentstream.operator.markedcontent,BeginMarkedContentSequence,0,31,1,3,0,10,1,4,0,3
Apache PDFBox,org.apache.pdfbox.contentstream.operator.markedcontent,DrawObject,31,40,7,3,10,13,5,4,0,4
Apache PDFBox,org.apache.pdfbox.pdmodel.graphics.color,PDCIEBasedColorSpace,5,95,0,4,2,18,2,4,2,2
Apache PDFBox,org.apache.pdfbox.pdmodel.graphics.color,PDPattern,58,35,1,1,16,10,10,4,9,4
Apache PDFBox,org.apache.pdfbox.pdmodel.graphics.color,PDSeparation,381,112,24,6,80,26,25,7,12,5
Apache PDFBox,org.apache.pdfbox.pdmodel.graphics.color,PDDeviceRGB,0,81,0,0,0,13,0,9,0,9
Apache PDFBox,org.apache.pdfbox.pdmodel.graphics.color,PDGamma,80,0,0,0,20,0,10,0,10,0
Apache PDFBox,org.apache.pdfbox.pdmodel.graphics.color,PDJPXColorSpace,76,0,2,0,16,0,10,0,9,0
Apache PDFBox,org.apache.pdfbox.pdmodel.graphics.color,PDDeviceColorSpace,3,7,0,0,1,2,1,2,1,2
Apache PDFBox,org.apache.pdfbox.pdmodel.graphics.color,PDSpecialColorSpace,0,3,0,0,0,1,0,1,0,1
Apache PDFBox,org.apache.pdfbox.pdmodel.graphics.color,PDColor,143,133,15,13,33,32,16,11,5,8
Apache PDFBox,org.apache.pdfbox.pdmodel.graphics.color,PDDeviceNAttributes,196,0,12,0,50,0,15,0,9,0
Apache PDFBox,org.apache.pdfbox.pdmodel.graphics.color,PDCalGray,57,87,1,3,7,17,5,6,4,5
Apache PDFBox,org.apache.pdfbox.pdmodel.graphics.color,PDTristimulus,28,77,4,0,5,19,3,9,1,9
Apache PDFBox,org.apache.pdfbox.pdmodel.graphics.color,PDDeviceGray,2,127,0,4,1,23,1,10,1,8
Apache PDFBox,org.apache.pdfbox.pdmodel.graphics.color,PDColorSpace,126,282,31,53,24,74,26,24,1,7
Apache PDFBox,org.apache.pdfbox.pdmodel.graphics.color,PDDeviceNProcess,121,0,8,0,33,0,11,0,7,0
Apache PDFBox,org.apache.pdfbox.pdmodel.graphics.color,PDICCBased,280,455,43,35,73,103,39,30,8,20
Apache PDFBox,org.apache.pdfbox.pdmodel.graphics.color,PDCalRGB,426,0,10,0,64,0,16,0,11,0
Apache PDFBox,org.apache.pdfbox.pdmodel.graphics.color,PDIndexed,190,323,10,22,26,60,11,20,4,11
Apache PDFBox,org.apache.pdfbox.pdmodel.graphics.color,PDCIEDictionaryBasedColorSpace,12,192,7,11,4,47,7,12,0,10
Apache PDFBox,org.apache.pdfbox.pdmodel.graphics.color,PDOutputIntent,20,88,0,0,4,24,4,9,4,9
Apache PDFBox,org.apache.pdfbox.pdmodel.graphics.color,PDDeviceCMYK,187,176,13,7,32,34,11,11,2,10
Apache PDFBox,org.apache.pdfbox.pdmodel.graphics.color,PDDeviceN,934,0,78,0,196,0,63,0,24,0
Apache PDFBox,org.apache.pdfbox.pdmodel.graphics.color,PDLab,269,152,7,9,44,38,10,14,6,10
Apache PDFBox,org.apache.pdfbox.util,Hex,21,495,3,25,5,54,4,24,1,13
Apache PDFBox,org.apache.pdfbox.util,DateConverter,11,863,10,90,5,172,9,58,0,17
Apache PDFBox,org.apache.pdfbox.util,Matrix,93,1164,11,25,14,146,13,43,2,36
Apache PDFBox,org.apache.pdfbox.util,NumberFormatUtil,0,241,2,32,0,46,2,19,0,4
Apache PDFBox,org.apache.pdfbox.util,XMLUtil,40,38,4,0,10,11,3,2,1,2
Apache PDFBox,org.apache.pdfbox.util,Vector,6,27,0,0,1,7,1,4,1,4
Apache PDFBox,org.apache.pdfbox.util,StringUtil,3,16,0,0,1,3,1,3,1,3
Apache PDFBox,org.apache.pdfbox.util,IterativeMergeSort,0,157,0,20,0,30,0,13,0,3
Apache PDFBox,org.apache.pdfbox.util,Version,34,0,0,0,9,0,2,0,2,0
Apache PDFBox,org.apache.pdfbox.contentstream.operator.text,SetFontAndSize,13,58,4,4,4,18,4,4,0,4
Apache PDFBox,org.apache.pdfbox.contentstream.operator.text,NextLine,0,34,0,0,0,9,0,3,0,3
Apache PDFBox,org.apache.pdfbox.contentstream.operator.text,ShowTextLineAndSpace,35,6,2,0,7,3,2,2,1,2
Apache PDFBox,org.apache.pdfbox.contentstream.operator.text,SetTextRise,2,28,2,2,2,9,2,3,0,3
Apache PDFBox,org.apache.pdfbox.contentstream.operator.text,MoveTextSetLeading,7,46,2,2,2,13,2,3,0,3
Apache PDFBox,org.apache.pdfbox.contentstream.operator.text,SetTextLeading,7,28,2,2,2,9,2,3,0,3
Apache PDFBox,org.apache.pdfbox.contentstream.operator.text,SetTextRenderingMode,8,39,4,4,3,12,4,3,0,3
Apache PDFBox,org.apache.pdfbox.contentstream.operator.text,MoveText,14,64,4,4,5,18,4,4,0,4
Apache PDFBox,org.apache.pdfbox.contentstream.operator.text,SetTextHorizontalScaling,7,28,2,2,2,9,2,3,0,3
Apache PDFBox,org.apache.pdfbox.contentstream.operator.text,SetCharSpacing,6,30,2,2,1,10,2,3,0,3
Apache PDFBox,org.apache.pdfbox.contentstream.operator.text,SetWordSpacing,2,28,2,2,2,9,2,3,0,3
Apache PDFBox,org.apache.pdfbox.contentstream.operator.text,BeginText,0,22,0,0,0,8,0,3,0,3
Apache PDFBox,org.apache.pdfbox.contentstream.operator.text,ShowTextLine,0,18,0,0,0,7,0,3,0,3
Apache PDFBox,org.apache.pdfbox.contentstream.operator.text,ShowText,3,31,3,3,3,11,3,3,0,3
Apache PDFBox,org.apache.pdfbox.contentstream.operator.text,ShowTextAdjusted,3,30,3,3,3,11,3,3,0,3
Apache PDFBox,org.apache.pdfbox.contentstream.operator.text,EndText,0,18,0,0,0,8,0,3,0,3
Apache PDFBox,org.apache.pdfbox.contentstream,PDContentStream,0,3,0,0,0,1,0,1,0,1
Apache PDFBox,org.apache.pdfbox.contentstream,PDFStreamEngine,265,931,40,60,73,254,42,66,9,49
Apache PDFBox,org.apache.pdfbox.contentstream,PDFGraphicsStreamEngine,0,399,0,0,0,69,0,2,0,2
Apache PDFBox,org.apache.pdfbox.pdmodel.interactive.digitalsignature,PDPropBuild,91,0,6,0,30,0,12,0,9,0
Apache PDFBox,org.apache.pdfbox.pdmodel.interactive.digitalsignature,PDSeedValueMDP,46,0,4,0,14,0,7,0,5,0
Apache PDFBox,org.apache.pdfbox.pdmodel.interactive.digitalsignature,PDSignature,171,220,9,13,49,45,30,11,23,7
Apache PDFBox,org.apache.pdfbox.pdmodel.interactive.digitalsignature,SignatureOptions,75,0,6,0,27,0,14,0,11,0
Apache PDFBox,org.apache.pdfbox.pdmodel.interactive.digitalsignature,SigningSupport,19,0,0,0,8,0,4,0,4,0
Apache PDFBox,org.apache.pdfbox.pdmodel.interactive.digitalsignature,PDPropBuildDataDict,164,0,6,0,44,0,24,0,21,0
Apache PDFBox,org.apache.pdfbox.pdmodel.interactive.digitalsignature,PDSeedValueCertificate,598,0,46,0,146,0,65,0,42,0
Apache PDFBox,org.apache.pdfbox.pdmodel.interactive.digitalsignature,COSFilterInputStream,47,169,8,12,10,25,8,11,3,6
Apache PDFBox,org.apache.pdfbox.pdmodel.interactive.digitalsignature,PDSeedValue,336,0,22,0,80,0,47,0,36,0
Apache PDFBox,org.apache.pdfbox.pdmodel.interactive.digitalsignature,PDSeedValueTimeStamp,56,0,4,0,15,0,9,0,7,0
Apache PDFBox,org.apache.pdfbox.pdmodel.graphics.optionalcontent,PDOptionalContentProperties.BaseState,5,39,1,1,2,9,2,3,1,3
Apache PDFBox,org.apache.pdfbox.pdmodel.graphics.optionalcontent,PDOptionalContentGroup.RenderState,37,0,2,0,10,0,5,0,4,0
Apache PDFBox,org.apache.pdfbox.pdmodel.graphics.optionalcontent,PDOptionalContentMembershipDictionary,80,29,10,2,21,7,9,3,3,3
Apache PDFBox,org.apache.pdfbox.pdmodel.graphics.optionalcontent,PDOptionalContentGroup,43,63,10,8,7,19,9,6,1,5
Apache PDFBox,org.apache.pdfbox.pdmodel.graphics.optionalcontent,PDOptionalContentProperties,60,491,15,65,17,134,15,42,1,16
Apache PDFBox,org.apache.pdfbox.contentstream.operator.color,SetColor,15,33,2,4,3,9,2,3,0,2
Apache PDFBox,org.apache.pdfbox.contentstream.operator.color,SetNonStrokingColor,5,17,0,0,1,6,1,4,1,4
Apache PDFBox,org.apache.pdfbox.contentstream.operator.color,SetNonStrokingDeviceGrayColor,1,26,1,1,1,9,1,3,0,3
Apache PDFBox,org.apache.pdfbox.contentstream.operator.color,SetStrokingDeviceGrayColor,1,26,1,1,1,9,1,3,0,3
Apache PDFBox,org.apache.pdfbox.contentstream.operator.color,SetNonStrokingDeviceCMYKColor,1,26,1,1,1,9,1,3,0,3
Apache PDFBox,org.apache.pdfbox.contentstream.operator.color,SetStrokingColorSpace,3,39,3,3,3,12,3,3,0,3
Apache PDFBox,org.apache.pdfbox.contentstream.operator.color,SetStrokingDeviceCMYKColor,1,26,1,1,1,9,1,3,0,3
Apache PDFBox,org.apache.pdfbox.contentstream.operator.color,SetStrokingColor,5,17,0,0,1,6,1,4,1,4
Apache PDFBox,org.apache.pdfbox.contentstream.operator.color,SetStrokingDeviceRGBColor,1,26,1,1,1,9,1,3,0,3
Apache PDFBox,org.apache.pdfbox.contentstream.operator.color,SetNonStrokingDeviceRGBColor,1,26,1,1,1,9,1,3,0,3
Apache PDFBox,org.apache.pdfbox.contentstream.operator.color,SetNonStrokingColorN,0,6,0,0,0,3,0,2,0,2
Apache PDFBox,org.apache.pdfbox.contentstream.operator.color,SetStrokingColorN,0,6,0,0,0,3,0,2,0,2
Apache PDFBox,org.apache.pdfbox.contentstream.operator.color,SetNonStrokingColorSpace,3,39,3,3,3,12,3,3,0,3
Apache PDFBox,org.apache.pdfbox.pdmodel.graphics.pattern,PDShadingPattern,68,0,8,0,22,0,11,0,7,0
Apache PDFBox,org.apache.pdfbox.pdmodel.graphics.pattern,PDAbstractPattern,80,31,4,1,19,10,8,4,5,4
Apache PDFBox,org.apache.pdfbox.pdmodel.graphics.pattern,PDTilingPattern,105,64,7,3,29,13,17,7,12,7
Apache PDFBox,org.apache.pdfbox.pdmodel.font,PDPanoseClassification,72,9,0,0,20,4,11,2,11,2
Apache PDFBox,org.apache.pdfbox.pdmodel.font,PDSimpleFont,142,361,46,60,28,97,35,39,3,18
Apache PDFBox,org.apache.pdfbox.pdmodel.font,FileSystemFontProvider.FSFontInfo,161,157,10,10,41,41,17,13,9,10
Apache PDFBox,org.apache.pdfbox.pdmodel.font,FontMappers,3,6,0,2,2,3,1,2,1,1
Apache PDFBox,org.apache.pdfbox.pdmodel.font,CMapManager,0,40,1,3,0,11,1,4,0,3
Apache PDFBox,org.apache.pdfbox.pdmodel.font,PDCIDFontType2Embedder.State,0,21,0,0,0,2,0,1,0,1
Apache PDFBox,org.apache.pdfbox.pdmodel.font,PDFontFactory.FontType,24,66,4,6,9,13,7,4,3,3
Apache PDFBox,org.apache.pdfbox.pdmodel.font,PDType1CFont,278,445,53,35,56,111,42,29,4,23
Apache PDFBox,org.apache.pdfbox.pdmodel.font,PDTrueTypeFont,340,754,74,100,64,189,65,54,8,24
Apache PDFBox,org.apache.pdfbox.pdmodel.font,CIDFontMapping,18,0,2,0,5,0,4,0,3,0
Apache PDFBox,org.apache.pdfbox.pdmodel.font,FontInfo,47,19,12,0,17,5,13,2,2,2
Apache PDFBox,org.apache.pdfbox.pdmodel.font,PDCIDFont,75,564,20,52,17,127,21,34,4,15
Apache PDFBox,org.apache.pdfbox.pdmodel.font,TrueTypeEmbedder,78,539,21,34,17,118,21,19,0,12
Apache PDFBox,org.apache.pdfbox.pdmodel.font,PDCIDSystemInfo,34,21,0,0,8,6,3,4,3,4
Apache PDFBox,org.apache.pdfbox.pdmodel.font,UniUtil,9,12,3,1,3,3,3,1,0,1
Apache PDFBox,org.apache.pdfbox.pdmodel.font,Standard14Fonts,122,204,25,7,29,67,16,11,3,8
Apache PDFBox,org.apache.pdfbox.pdmodel.font,FontMapperImpl,633,820,147,59,132,139,91,34,8,14
Apache PDFBox,org.apache.pdfbox.pdmodel.font,FontCache,0,32,0,2,0,6,0,4,0,3
Apache PDFBox,org.apache.pdfbox.pdmodel.font,CIDSystemInfo,8,21,0,0,1,8,1,4,1,4
Apache PDFBox,org.apache.pdfbox.pdmodel.font,FontFormat,0,21,0,0,0,4,0,1,0,1
Apache PDFBox,org.apache.pdfbox.pdmodel.font,PDPanose,31,0,0,0,6,0,3,0,3,0
Apache PDFBox,org.apache.pdfbox.pdmodel.font,FileSystemFontProvider,656,667,72,56,133,162,53,33,7,15
Apache PDFBox,org.apache.pdfbox.pdmodel.font,PDType1FontEmbedder,11,251,2,8,2,57,3,8,1,5
Apache PDFBox,org.apache.pdfbox.pdmodel.font,PDCIDFontType2Embedder,154,1318,27,103,47,271,27,60,0,18
Apache PDFBox,org.apache.pdfbox.pdmodel.font,PDFontDescriptor,220,353,19,19,54,98,43,46,31,39
Apache PDFBox,org.apache.pdfbox.pdmodel.font,PDFontFactory,216,351,59,57,44,79,44,29,2,13
Apache PDFBox,org.apache.pdfbox.pdmodel.font,PDType3Font,235,230,51,25,64,52,46,19,11,16
Apache PDFBox,org.apache.pdfbox.pdmodel.font,PDMMType1Font,4,0,0,0,2,0,1,0,1,0
Apache PDFBox,org.apache.pdfbox.pdmodel.font,Standard14Fonts.FontName,3,112,0,0,1,19,1,3,1,3
Apache PDFBox,org.apache.pdfbox.pdmodel.font,ToUnicodeWriter,20,368,7,35,5,78,8,21,1,7
Apache PDFBox,org.apache.pdfbox.pdmodel.font,FontMappers.DefaultFontMapper,0,5,0,0,0,1,0,1,0,1
Apache PDFBox,org.apache.pdfbox.pdmodel.font,PDType0Font,150,556,35,65,32,134,42,58,10,40
Apache PDFBox,org.apache.pdfbox.pdmodel.font,FontMapperImpl.FontMatch,12,0,0,0,4,0,2,0,2,0
Apache PDFBox,org.apache.pdfbox.pdmodel.font,PDFont,77,684,26,84,17,168,28,57,5,25
Apache PDFBox,org.apache.pdfbox.pdmodel.font,PDType3CharProc,224,0,24,0,50,0,25,0,13,0
Apache PDFBox,org.apache.pdfbox.pdmodel.font,PDTrueTypeFontEmbedder,4,170,3,7,1,36,4,5,1,3
Apache PDFBox,org.apache.pdfbox.pdmodel.font,PDType1Font,293,827,59,82,55,175,56,48,8,25
Apache PDFBox,org.apache.pdfbox.pdmodel.font,FontMapperImpl.DefaultFontProvider,0,6,0,0,0,1,0,1,0,1
Apache PDFBox,org.apache.pdfbox.pdmodel.font,FontProvider,0,3,0,0,0,1,0,1,0,1
Apache PDFBox,org.apache.pdfbox.pdmodel.font,FontMapping,0,15,0,0,0,6,0,3,0,3
Apache PDFBox,org.apache.pdfbox.pdmodel.font,PDCIDFontType2,330,415,80,48,67,107,59,27,4,18
Apache PDFBox,org.apache.pdfbox.pdmodel.font,PDCIDFontType0,367,268,65,21,83,62,53,13,11,12
Apache PDFBox,org.apache.pdfbox.pdmodel.interactive.pagenavigation,PDTransitionDirection.new PDTransitionDirection() {...},0,8,0,0,0,2,0,2,0,2
Apache PDFBox,org.apache.pdfbox.pdmodel.interactive.pagenavigation,PDTransitionDirection,0,58,0,0,0,10,0,3,0,3
Apache PDFBox,org.apache.pdfbox.pdmodel.interactive.pagenavigation,PDThread,67,0,6,0,18,0,10,0,7,0
Apache PDFBox,org.apache.pdfbox.pdmodel.interactive.pagenavigation,PDTransition,0,119,0,2,0,30,0,17,0,16
Apache PDFBox,org.apache.pdfbox.pdmodel.interactive.pagenavigation,PDThreadBead,113,19,5,1,29,5,15,2,12,2
Apache PDFBox,org.apache.pdfbox.pdmodel.interactive.pagenavigation,PDTransitionDimension,0,15,0,0,0,3,0,1,0,1
Apache PDFBox,org.apache.pdfbox.pdmodel.interactive.pagenavigation,PDTransitionMotion,0,15,0,0,0,3,0,1,0,1
Apache PDFBox,org.apache.pdfbox.pdmodel.interactive.pagenavigation,PDTransitionStyle,0,75,0,0,0,2,0,1,0,1
Apache PDFBox,org.apache.pdfbox.pdmodel.documentinterchange.taggedpdf,PDFourColours,110,0,8,0,32,0,17,0,13,0
Apache PDFBox,org.apache.pdfbox.pdmodel.documentinterchange.taggedpdf,PDStandardAttributeObject,489,44,43,3,114,9,41,7,19,6
Apache PDFBox,org.apache.pdfbox.pdmodel.documentinterchange.taggedpdf,PDTableAttributeObject,114,9,10,0,29,3,16,2,11,2
Apache PDFBox,org.apache.pdfbox.pdmodel.documentinterchange.taggedpdf,PDArtifactMarkedContent,65,5,8,0,14,2,12,1,8,1
Apache PDFBox,org.apache.pdfbox.pdmodel.documentinterchange.taggedpdf,PDExportFormatAttributeObject,144,0,12,0,37,0,21,0,15,0
Apache PDFBox,org.apache.pdfbox.pdmodel.documentinterchange.taggedpdf,PDListAttributeObject,41,0,2,0,12,0,6,0,5,0
Apache PDFBox,org.apache.pdfbox.pdmodel.documentinterchange.taggedpdf,PDLayoutAttributeObject,714,234,44,38,211,56,117,18,82,12
Apache PDFBox,org.apache.pdfbox.pdmodel.documentinterchange.taggedpdf,PDPrintFieldAttributeObject,81,0,6,0,22,0,12,0,9,0
Apache PDFBox,org.apache.pdfbox.pdmodel.documentinterchange.taggedpdf,StandardStructureTypes,46,0,4,0,11,0,3,0,1,0
Apache PDFBox,org.apache.pdfbox,Loader,67,139,0,0,14,31,8,14,8,14
Apache PDFBox,org.apache.pdfbox.pdmodel.interactive.action,OpenMode,21,0,0,0,4,0,1,0,1,0
Apache PDFBox,org.apache.pdfbox.pdmodel.interactive.action,PDDocumentCatalogAdditionalActions,107,0,10,0,27,0,18,0,13,0
Apache PDFBox,org.apache.pdfbox.pdmodel.interactive.action,PDActionSound,94,0,8,0,23,0,16,0,12,0
Apache PDFBox,org.apache.pdfbox.pdmodel.interactive.action,PDActionFactory,72,32,14,5,24,10,14,3,0,1
Apache PDFBox,org.apache.pdfbox.pdmodel.interactive.action,PDURIDictionary,28,0,0,0,10,0,5,0,5,0
Apache PDFBox,org.apache.pdfbox.pdmodel.interactive.action,PDActionImportData,22,0,0,0,8,0,4,0,4,0
Apache PDFBox,org.apache.pdfbox.pdmodel.interactive.action,PDFormFieldAdditionalActions,74,15,7,1,18,5,13,2,9,2
Apache PDFBox,org.apache.pdfbox.pdmodel.interactive.action,PDActionMovie,10,0,0,0,5,0,2,0,2,0
Apache PDFBox,org.apache.pdfbox.pdmodel.interactive.action,PDActionNamed,21,0,0,0,8,0,4,0,4,0
Apache PDFBox,org.apache.pdfbox.pdmodel.interactive.action,PDAdditionalActions,29,0,0,0,10,0,5,0,5,0
Apache PDFBox,org.apache.pdfbox.pdmodel.interactive.action,PDActionURI,12,78,3,9,3,17,5,7,2,4
Apache PDFBox,org.apache.pdfbox.pdmodel.interactive.action,PDActionResetForm,33,0,0,0,11,0,6,0,6,0
Apache PDFBox,org.apache.pdfbox.pdmodel.interactive.action,PDActionRemoteGoTo,84,0,10,0,27,0,14,0,8,0
Apache PDFBox,org.apache.pdfbox.pdmodel.interactive.action,PDActionSubmitForm,45,0,0,0,14,0,8,0,8,0
Apache PDFBox,org.apache.pdfbox.pdmodel.interactive.action,PDActionEmbeddedGoTo,129,0,18,0,38,0,20,0,10,0
Apache PDFBox,org.apache.pdfbox.pdmodel.interactive.action,PDActionJavaScript,43,0,4,0,16,0,7,0,5,0
Apache PDFBox,org.apache.pdfbox.pdmodel.interactive.action,PDWindowsLaunchParams,62,0,0,0,19,0,11,0,11,0
Apache PDFBox,org.apache.pdfbox.pdmodel.interactive.action,PDTargetDirectory,152,0,14,0,40,0,24,0,17,0
Apache PDFBox,org.apache.pdfbox.pdmodel.interactive.action,PDActionThread,44,0,0,0,14,0,8,0,8,0
Apache PDFBox,org.apache.pdfbox.pdmodel.interactive.action,PDAnnotationAdditionalActions,197,0,20,0,47,0,33,0,23,0
Apache PDFBox,org.apache.pdfbox.pdmodel.interactive.action,PDActionLaunch,137,0,12,0,40,0,23,0,16,0
Apache PDFBox,org.apache.pdfbox.pdmodel.interactive.action,PDActionHide,34,0,0,0,11,0,6,0,6,0
Apache PDFBox,org.apache.pdfbox.pdmodel.interactive.action,PDActionGoTo,11,35,3,3,4,11,4,3,1,3
Apache PDFBox,org.apache.pdfbox.pdmodel.interactive.action,PDPageAdditionalActions,53,0,4,0,15,0,9,0,7,0
Apache PDFBox,org.apache.pdfbox.pdmodel.interactive.action,PDAction,79,32,6,0,17,12,7,5,4,5
Apache PDFBox,org.apache.pdfbox.pdmodel.graphics.image,LosslessFactory.PredictorEncoder,5,998,6,65,1,213,6,44,0,12
Apache PDFBox,org.apache.pdfbox.pdmodel.graphics.image,PDInlineImage,212,255,26,28,52,63,31,27,12,19
Apache PDFBox,org.apache.pdfbox.pdmodel.graphics.image,JPEGFactory,67,403,18,28,22,111,18,21,0,14
Apache PDFBox,org.apache.pdfbox.pdmodel.graphics.image,PNGConverter,263,1089,37,131,64,268,36,78,0,19
Apache PDFBox,org.apache.pdfbox.pdmodel.graphics.image,CCITTFactory,106,481,27,54,25,107,21,35,0,10
Apache PDFBox,org.apache.pdfbox.pdmodel.graphics.image,LosslessFactory,20,405,6,46,6,72,5,26,0,5
Apache PDFBox,org.apache.pdfbox.pdmodel.graphics.image,PNGConverter.MultipleInputStream,15,72,4,10,6,18,4,8,1,4
Apache PDFBox,org.apache.pdfbox.pdmodel.graphics.image,SampledImageReader,453,1075,85,115,80,234,63,49,1,11
Apache PDFBox,org.apache.pdfbox.pdmodel.graphics.image,PDImageXObject,569,841,87,101,104,204,78,67,10,41
Apache PDFBox,org.apache.pdfbox.pdmodel.graphics.image,PNGConverter.PNGConverterState,0,8,0,0,0,2,0,1,0,1
Apache PDFBox,org.apache.pdfbox.pdmodel.graphics.image,PNGConverter.Chunk,0,14,0,0,0,2,0,2,0,2
Apache PDFBox,org.apache.pdfbox.rendering,TilingPaintFactory,4,60,2,2,1,14,2,3,0,3
Apache PDFBox,org.apache.pdfbox.rendering,TilingPaint,105,249,6,6,23,56,7,7,1,7
Apache PDFBox,org.apache.pdfbox.rendering,GlyphCache,100,45,9,3,21,12,6,4,1,3
Apache PDFBox,org.apache.pdfbox.rendering,TilingPaintFactory.TilingPaintParameter,127,77,35,5,26,14,22,2,2,2
Apache PDFBox,org.apache.pdfbox.rendering,SoftMask.SoftPaintContext,268,0,18,0,47,0,13,0,4,0
Apache PDFBox,org.apache.pdfbox.rendering,GroupGraphics,1218,0,54,0,249,0,101,0,74,0
Apache PDFBox,org.apache.pdfbox.rendering,RenderDestination,0,21,0,0,0,4,0,1,0,1
Apache PDFBox,org.apache.pdfbox.rendering,PageDrawer,1760,1797,256,192,381,435,188,110,20,52
Apache PDFBox,org.apache.pdfbox.rendering,PDFRenderer,204,345,20,32,50,84,34,22,16,13
Apache PDFBox,org.apache.pdfbox.rendering,PageDrawer.TransparencyGroup,304,313,22,14,49,72,20,4,2,4
Apache PDFBox,org.apache.pdfbox.rendering,ImageType,0,33,0,0,0,6,0,1,0,1
Apache PDFBox,org.apache.pdfbox.rendering,ImageType.new ImageType() {...},2,5,0,0,1,1,1,1,1,1
Apache PDFBox,org.apache.pdfbox.rendering,PageDrawerParameters,0,39,0,0,0,14,0,7,0,7
Apache PDFBox,org.apache.pdfbox.rendering,SoftMask,86,0,4,0,21,0,6,0,4,0
Apache PDFBox,org.apache.pdfbox.rendering,ImageType.new ImageType() {...},2,5,0,0,1,1,1,1,1,1
Apache PDFBox,org.apache.pdfbox.rendering,ImageType.new ImageType() {...},0,7,0,0,0,2,0,2,0,2
Apache PDFBox,org.apache.pdfbox.rendering,ImageType.new ImageType() {...},2,5,0,0,1,1,1,1,1,1
Apache PDFBox,org.apache.pdfbox.rendering,ImageType.new ImageType() {...},2,5,0,0,1,1,1,1,1,1
Apache PDFBox,org.apache.pdfbox.util.filetypedetector,FileTypeDetector,10,561,2,2,2,33,2,3,0,3
Apache PDFBox,org.apache.pdfbox.util.filetypedetector,ByteTrie.ByteTrieNode,5,21,1,1,1,7,1,3,0,3
Apache PDFBox,org.apache.pdfbox.util.filetypedetector,ByteTrie,0,128,0,12,0,28,0,11,0,5
Apache PDFBox,org.apache.pdfbox.util.filetypedetector,FileType,0,105,0,0,0,18,0,1,0,1
Apache PDFBox,org.apache.pdfbox.pdmodel.graphics.form,PDFormXObject,44,177,4,12,11,44,10,19,6,15
Apache PDFBox,org.apache.pdfbox.pdmodel.graphics.form,PDTransparencyGroupAttributes,23,34,1,3,6,8,4,5,3,4
Apache PDFBox,org.apache.pdfbox.pdmodel.graphics.form,PDTransparencyGroup,8,5,0,0,4,2,2,1,2,1
Apache PDFBox,org.apache.pdfbox.pdmodel.interactive.annotation,PDAnnotationPolyline,181,0,24,0,48,0,25,0,13,0
Apache PDFBox,org.apache.pdfbox.pdmodel.interactive.annotation,PDAppearanceDictionary,55,49,5,1,12,14,9,6,6,6
Apache PDFBox,org.apache.pdfbox.pdmodel.interactive.annotation,PDExternalDataDictionary,39,0,0,0,12,0,6,0,6,0
Apache PDFBox,org.apache.pdfbox.pdmodel.interactive.annotation,PDAnnotationSquareCircle,38,77,3,3,8,19,6,8,4,7
Apache PDFBox,org.apache.pdfbox.pdmodel.interactive.annotation,PDAnnotationUnderline,32,0,2,0,14,0,6,0,5,0
Apache PDFBox,org.apache.pdfbox.pdmodel.interactive.annotation,PDAppearanceCharacteristicsDictionary,83,64,9,3,20,20,15,10,9,9
Apache PDFBox,org.apache.pdfbox.pdmodel.interactive.annotation,PDAnnotationStrikeout,32,0,2,0,14,0,6,0,5,0
Apache PDFBox,org.apache.pdfbox.pdmodel.interactive.annotation,PDAnnotationMarkup,131,52,9,3,33,13,22,8,17,7
Apache PDFBox,org.apache.pdfbox.pdmodel.interactive.annotation,PDAnnotationText,40,44,1,1,12,15,8,6,7,6
Apache PDFBox,org.apache.pdfbox.pdmodel.interactive.annotation,PDAnnotationFileAttachment,60,0,2,0,21,0,10,0,9,0
Apache PDFBox,org.apache.pdfbox.pdmodel.interactive.annotation,PDAnnotationCaret,90,0,4,0,26,0,10,0,8,0
Apache PDFBox,org.apache.pdfbox.pdmodel.interactive.annotation,PDAnnotationPolygon,130,0,12,0,37,0,18,0,12,0
Apache PDFBox,org.apache.pdfbox.pdmodel.interactive.annotation,PDAnnotationWidget,95,57,18,4,19,14,16,8,7,6
Apache PDFBox,org.apache.pdfbox.pdmodel.interactive.annotation,PDAnnotationSound,36,0,2,0,15,0,6,0,5,0
Apache PDFBox,org.apache.pdfbox.pdmodel.interactive.annotation,PDAnnotationRubberStamp,12,12,0,0,3,5,2,2,2,2
Apache PDFBox,org.apache.pdfbox.pdmodel.interactive.annotation,PDAnnotationTextMarkup,12,21,2,0,2,8,2,3,1,3
Apache PDFBox,org.apache.pdfbox.pdmodel.interactive.annotation,PDAnnotationHighlight,24,8,2,0,10,4,4,2,3,2
Apache PDFBox,org.apache.pdfbox.pdmodel.interactive.annotation,PDAnnotationSquiggly,32,0,2,0,14,0,6,0,5,0
Apache PDFBox,org.apache.pdfbox.pdmodel.interactive.annotation,PDBorderStyleDictionary,38,55,4,2,10,15,5,7,2,7
Apache PDFBox,org.apache.pdfbox.pdmodel.interactive.annotation,PDAppearanceEntry,10,73,3,7,2,17,3,8,0,6
Apache PDFBox,org.apache.pdfbox.pdmodel.interactive.annotation,PDAnnotationLink,59,78,4,6,16,21,11,11,8,9
Apache PDFBox,org.apache.pdfbox.pdmodel.interactive.annotation,PDAnnotationLine,350,0,32,0,78,0,43,0,27,0
Apache PDFBox,org.apache.pdfbox.pdmodel.interactive.annotation,PDAnnotationInk,117,0,12,0,33,0,13,0,7,0
Apache PDFBox,org.apache.pdfbox.pdmodel.interactive.annotation,PDAnnotationSquare,7,25,1,1,3,11,2,4,1,4
Apache PDFBox,org.apache.pdfbox.pdmodel.interactive.annotation,PDAnnotationFreeText,191,4,10,0,48,2,26,1,21,1
Apache PDFBox,org.apache.pdfbox.pdmodel.interactive.annotation,PDAnnotationCircle,24,8,2,0,10,4,4,2,3,2
Apache PDFBox,org.apache.pdfbox.pdmodel.interactive.annotation,PDAnnotation,271,388,28,40,69,101,53,49,26,32
Apache PDFBox,org.apache.pdfbox.pdmodel.interactive.annotation,PDBorderEffectDictionary,41,0,0,0,13,0,7,0,7,0
Apache PDFBox,org.apache.pdfbox.pdmodel.interactive.annotation,PDAnnotationUnknown,4,0,0,0,2,0,1,0,1,0
Apache PDFBox,org.apache.pdfbox.pdmodel.interactive.annotation,PDAnnotationPopup,35,28,1,1,12,9,4,4,3,4
Apache PDFBox,org.apache.pdfbox.pdmodel.interactive.annotation,PDAppearanceStream,0,8,0,0,0,4,0,2,0,2
Apache PDFBox,org.apache.pdfbox.multipdf,Overlay,332,845,50,81,82,211,55,52,14,26
Apache PDFBox,org.apache.pdfbox.multipdf,PDFMergerUtility.AcroFormMergeMode,0,15,0,0,0,3,0,1,0,1
Apache PDFBox,org.apache.pdfbox.multipdf,Overlay.Position,0,15,0,0,0,2,0,1,0,1
Apache PDFBox,org.apache.pdfbox.multipdf,PDFMergerUtility,361,1917,84,262,98,480,90,137,18,36
Apache PDFBox,org.apache.pdfbox.multipdf,PageExtractor,8,83,0,2,4,20,2,6,2,5
Apache PDFBox,org.apache.pdfbox.multipdf,PDFCloneUtility,11,358,5,47,2,86,5,32,0,11
Apache PDFBox,org.apache.pdfbox.multipdf,Splitter,139,995,35,103,37,252,31,61,2,21
Apache PDFBox,org.apache.pdfbox.multipdf,Overlay.LayoutPage,0,15,0,0,0,6,0,1,0,1
Apache PDFBox,org.apache.pdfbox.multipdf,LayerUtility,120,344,16,14,23,82,14,11,0,9
Apache PDFBox,org.apache.pdfbox.multipdf,PDFMergerUtility.DocumentMergeMode,0,15,0,0,0,3,0,1,0,1
Apache PDFBox,org.apache.pdfbox.multipdf,Splitter.KCloner,20,373,19,77,5,89,16,38,0,6
Apache PDFBox,org.apache.pdfbox.pdmodel.common.function,PDFunctionType0.Rinterpol,384,0,26,0,64,0,18,0,5,0
Apache PDFBox,org.apache.pdfbox.pdmodel.common.function,PDFunctionTypeIdentity,14,0,0,0,6,0,5,0,5,0
Apache PDFBox,org.apache.pdfbox.pdmodel.common.function,PDFunction,108,204,18,23,25,54,20,18,5,11
Apache PDFBox,org.apache.pdfbox.pdmodel.common.function,PDFunctionType2,29,92,2,4,10,15,7,3,5,2
Apache PDFBox,org.apache.pdfbox.pdmodel.common.function,PDFunctionType0,348,0,26,0,73,0,27,0,14,0
Apache PDFBox,org.apache.pdfbox.pdmodel.common.function,PDFunctionType4,9,104,1,5,2,21,2,5,1,3
Apache PDFBox,org.apache.pdfbox.pdmodel.common.function,PDFunctionType3,261,0,26,0,53,0,20,0,7,0
Apache PDFBox,org.apache.pdfbox.pdmodel.interactive.documentnavigation.destination,PDPageFitHeightDestination,65,0,4,0,18,0,8,0,6,0
Apache PDFBox,org.apache.pdfbox.pdmodel.interactive.documentnavigation.destination,PDPageDestination,35,102,10,10,11,31,10,9,2,7
Apache PDFBox,org.apache.pdfbox.pdmodel.interactive.documentnavigation.destination,PDPageFitRectangleDestination,112,0,8,0,30,0,14,0,10,0
Apache PDFBox,org.apache.pdfbox.pdmodel.interactive.documentnavigation.destination,PDPageFitWidthDestination,61,4,4,0,16,2,7,1,5,1
Apache PDFBox,org.apache.pdfbox.pdmodel.interactive.documentnavigation.destination,PDDestination,26,82,6,12,6,22,6,7,0,2
Apache PDFBox,org.apache.pdfbox.pdmodel.interactive.documentnavigation.destination,PDPageFitDestination,25,16,2,0,6,6,3,2,2,2
Apache PDFBox,org.apache.pdfbox.pdmodel.interactive.documentnavigation.destination,PDPageXYZDestination,97,4,8,0,25,2,11,1,7,1
Apache PDFBox,org.apache.pdfbox.pdmodel.interactive.documentnavigation.destination,PDNamedDestination,43,20,5,1,15,7,8,2,5,2
Apache PDFBox,org.apache.pdfbox.pdmodel.graphics.blend,BlendMode,550,419,25,23,74,86,22,26,7,17
Apache PDFBox,org.apache.pdfbox.pdmodel.graphics.blend,BlendComposite.BlendCompositeContext,145,294,25,19,27,62,19,6,0,3
Apache PDFBox,org.apache.pdfbox.pdmodel.graphics.blend,BlendComposite,20,43,3,5,5,12,3,5,0,4
Apache PDFBox,org.apache.pdfbox.pdmodel.interactive.viewerpreferences,PDViewerPreferences.READING_DIRECTION,15,0,0,0,3,0,1,0,1,0
Apache PDFBox,org.apache.pdfbox.pdmodel.interactive.viewerpreferences,PDViewerPreferences.BOUNDARY,33,0,0,0,6,0,1,0,1,0
Apache PDFBox,org.apache.pdfbox.pdmodel.interactive.viewerpreferences,PDViewerPreferences,140,59,0,0,35,15,21,10,21,10
Apache PDFBox,org.apache.pdfbox.pdmodel.interactive.viewerpreferences,PDViewerPreferences.PRINT_SCALING,15,0,0,0,3,0,1,0,1,0
Apache PDFBox,org.apache.pdfbox.pdmodel.interactive.viewerpreferences,PDViewerPreferences.NON_FULL_SCREEN_PAGE_MODE,27,0,0,0,5,0,1,0,1,0
Apache PDFBox,org.apache.pdfbox.pdmodel.interactive.viewerpreferences,PDViewerPreferences.DUPLEX,21,0,0,0,4,0,1,0,1,0
Apache PDFBox,org.apache.pdfbox.printing,Orientation,27,0,0,0,5,0,1,0,1,0
Apache PDFBox,org.apache.pdfbox.printing,Scaling,27,0,0,0,5,0,1,0,1,0
Apache PDFBox,org.apache.pdfbox.printing,PDFPrintable,424,0,36,0,96,0,32,0,14,0
Apache PDFBox,org.apache.pdfbox.printing,PDFPageable,221,0,11,0,57,0,19,0,12,0
Apache PDFBox,org.apache.pdfbox.pdmodel.fdf,FDFJavaScript,154,0,18,0,43,0,19,0,10,0
Apache PDFBox,org.apache.pdfbox.pdmodel.fdf,FDFAnnotationText,55,42,8,4,14,12,12,3,6,3
Apache PDFBox,org.apache.pdfbox.pdmodel.fdf,FDFAnnotationTextMarkup,25,39,5,3,8,12,6,3,2,3
Apache PDFBox,org.apache.pdfbox.pdmodel.fdf,FDFAnnotationCircle,109,0,14,0,28,0,15,0,8,0
Apache PDFBox,org.apache.pdfbox.pdmodel.fdf,FDFNamedPageReference,40,0,0,0,13,0,7,0,7,0
Apache PDFBox,org.apache.pdfbox.pdmodel.fdf,FDFAnnotationPolygon,130,0,14,0,35,0,16,0,9,0
Apache PDFBox,org.apache.pdfbox.pdmodel.fdf,FDFAnnotationFreeText,71,161,10,14,16,47,16,16,8,12
Apache PDFBox,org.apache.pdfbox.pdmodel.fdf,FDFTemplate,97,0,6,0,23,0,12,0,9,0
Apache PDFBox,org.apache.pdfbox.pdmodel.fdf,FDFAnnotationSquiggly,21,0,0,0,8,0,3,0,3,0
Apache PDFBox,org.apache.pdfbox.pdmodel.fdf,FDFAnnotationUnderline,8,13,0,0,3,5,1,2,1,2
Apache PDFBox,org.apache.pdfbox.pdmodel.fdf,FDFAnnotationStamp,890,0,74,0,193,0,66,0,20,0
Apache PDFBox,org.apache.pdfbox.pdmodel.fdf,FDFAnnotationCaret,93,0,12,0,27,0,14,0,8,0
Apache PDFBox,org.apache.pdfbox.pdmodel.fdf,FDFIconFit,99,0,6,0,33,0,14,0,11,0
Apache PDFBox,org.apache.pdfbox.pdmodel.fdf,FDFAnnotationHighlight,8,13,0,0,3,5,1,2,1,2
Apache PDFBox,org.apache.pdfbox.pdmodel.fdf,FDFPageInfo,17,0,0,0,7,0,3,0,3,0
Apache PDFBox,org.apache.pdfbox.pdmodel.fdf,FDFAnnotationLink,38,31,5,1,10,10,4,3,1,3
Apache PDFBox,org.apache.pdfbox.pdmodel.fdf,FDFField,599,235,79,27,156,72,81,22,31,16
Apache PDFBox,org.apache.pdfbox.pdmodel.fdf,FDFAnnotationLine,292,203,49,23,60,50,55,6,19,6
Apache PDFBox,org.apache.pdfbox.pdmodel.fdf,FDFAnnotationSound,21,0,0,0,8,0,3,0,3,0
Apache PDFBox,org.apache.pdfbox.pdmodel.fdf,FDFDictionary,390,317,37,30,99,81,48,27,20,12
Apache PDFBox,org.apache.pdfbox.pdmodel.fdf,FDFPage,87,0,6,0,23,0,10,0,7,0
Apache PDFBox,org.apache.pdfbox.pdmodel.fdf,FDFAnnotationStrikeOut,8,13,0,0,3,5,1,2,1,2
Apache PDFBox,org.apache.pdfbox.pdmodel.fdf,FDFAnnotationSquare,109,0,14,0,28,0,15,0,8,0
Apache PDFBox,org.apache.pdfbox.pdmodel.fdf,FDFAnnotation,463,751,64,76,115,172,87,49,32,28
Apache PDFBox,org.apache.pdfbox.pdmodel.fdf,FDFAnnotationPolyline,256,0,34,0,65,0,31,0,14,0
Apache PDFBox,org.apache.pdfbox.pdmodel.fdf,FDFAnnotationInk,52,94,6,6,14,25,6,6,2,4
Apache PDFBox,org.apache.pdfbox.pdmodel.fdf,FDFCatalog,38,56,3,1,9,20,6,7,4,7
Apache PDFBox,org.apache.pdfbox.pdmodel.fdf,FDFDocument,65,147,5,7,18,46,10,11,5,10
Apache PDFBox,org.apache.pdfbox.pdmodel.fdf,FDFAnnotationFileAttachment,21,0,0,0,8,0,3,0,3,0
Apache PDFBox,org.apache.pdfbox.pdmodel.fdf,FDFOptionElement,66,0,0,0,16,0,8,0,8,0
Apache PDFBox,org.apache.pdfbox.pdmodel.encryption,ProtectionPolicy,6,33,1,5,1,10,1,7,0,5
Apache PDFBox,org.apache.pdfbox.pdmodel.encryption,StandardProtectionPolicy,12,27,0,0,6,10,3,4,3,4
Apache PDFBox,org.apache.pdfbox.pdmodel.encryption,SecurityHandlerFactory,15,105,3,3,5,24,3,6,0,6
Apache PDFBox,org.apache.pdfbox.pdmodel.encryption,SecurityHandler,115,738,22,70,39,169,25,58,4,33
Apache PDFBox,org.apache.pdfbox.pdmodel.encryption,PublicKeyProtectionPolicy,12,22,0,0,4,7,3,4,3,4
Apache PDFBox,org.apache.pdfbox.pdmodel.encryption,AccessPermission,2,356,15,31,1,90,15,36,0,28
Apache PDFBox,org.apache.pdfbox.pdmodel.encryption,SaslPrep,154,424,167,113,6,51,134,21,0,15
Apache PDFBox,org.apache.pdfbox.pdmodel.encryption,PublicKeyDecryptionMaterial,55,52,6,2,11,13,5,3,1,3
Apache PDFBox,org.apache.pdfbox.pdmodel.encryption,RC4Cipher,5,202,2,12,1,35,2,13,0,8
Apache PDFBox,org.apache.pdfbox.pdmodel.encryption,PublicKeySecurityHandler,75,880,17,52,20,206,17,27,0,9
Apache PDFBox,org.apache.pdfbox.pdmodel.encryption,InvalidPasswordException,0,4,0,0,0,2,0,1,0,1
Apache PDFBox,org.apache.pdfbox.pdmodel.encryption,DecryptionMaterial,0,3,0,0,0,1,0,1,0,1
Apache PDFBox,org.apache.pdfbox.pdmodel.encryption,StandardSecurityHandler,241,2061,47,171,58,404,46,100,3,33
Apache PDFBox,org.apache.pdfbox.pdmodel.encryption,PDCryptFilterDictionary,6,60,0,2,2,18,1,9,1,8
Apache PDFBox,org.apache.pdfbox.pdmodel.encryption,PDEncryption,43,425,14,24,7,115,17,45,4,39
Apache PDFBox,org.apache.pdfbox.pdmodel.encryption,MessageDigests,18,9,0,0,6,3,0,3,0,3
Apache PDFBox,org.apache.pdfbox.pdmodel.encryption,PublicKeyRecipient,0,17,0,0,0,7,0,5,0,5
Apache PDFBox,org.apache.pdfbox.pdmodel.encryption,StandardDecryptionMaterial,0,9,0,0,0,4,0,2,0,2
Apache PDFBox,org.apache.pdfbox.pdmodel.encryption,SecurityProvider,3,11,0,2,2,4,1,3,1,2
Apache PDFBox,org.apache.pdfbox.pdfparser.xref,ObjectStreamXReference,16,33,0,0,2,11,2,6,2,6
Apache PDFBox,org.apache.pdfbox.pdfparser.xref,XReferenceType,0,35,0,0,0,6,0,3,0,3
Apache PDFBox,org.apache.pdfbox.pdfparser.xref,NormalXReference,22,51,2,4,4,13,4,7,3,5
Apache PDFBox,org.apache.pdfbox.pdfparser.xref,FreeXReference,10,32,0,0,2,8,1,5,1,5
Apache PDFBox,org.apache.pdfbox.pdfparser.xref,AbstractXReference,4,28,3,3,2,8,3,4,0,4
Apache PDFBox,org.apache.pdfbox.pdmodel.interactive.measurement,PDMeasureDictionary,36,0,0,0,12,0,6,0,6,0
Apache PDFBox,org.apache.pdfbox.pdmodel.interactive.measurement,PDNumberFormatDictionary,181,0,16,0,49,0,32,0,24,0
Apache PDFBox,org.apache.pdfbox.pdmodel.interactive.measurement,PDRectlinearMeasureDictionary,435,0,38,0,99,0,39,0,20,0
Apache PDFBox,org.apache.pdfbox.pdmodel.interactive.measurement,PDViewportDictionary,70,0,4,0,19,0,12,0,10,0
Apache PDFBox,org.apache.pdfbox.pdmodel.graphics,PDPostScriptXObject,5,0,0,0,2,0,1,0,1,0
Apache PDFBox,org.apache.pdfbox.pdmodel.graphics,PDXObject,27,128,7,9,5,29,6,8,0,6
Apache PDFBox,org.apache.pdfbox.pdmodel.graphics,PDLineDashPattern,60,54,7,1,7,16,4,6,0,6
Apache PDFBox,org.apache.pdfbox.pdmodel.graphics,PDFontSetting,74,0,2,0,21,0,8,0,7,0
Apache PDFBox,org.apache.pdfbox.pdmodel.common.function.type4,ArithmeticOperators.IDiv,0,18,0,0,0,5,0,2,0,2
Apache PDFBox,org.apache.pdfbox.pdmodel.common.function.type4,ConditionalOperators.If,0,21,0,2,0,7,0,3,0,2
Apache PDFBox,org.apache.pdfbox.pdmodel.common.function.type4,BitwiseOperators.And,0,15,1,3,0,3,1,4,0,3
Apache PDFBox,org.apache.pdfbox.pdmodel.common.function.type4,ExecutionContext,0,34,0,0,0,9,0,6,0,6
Apache PDFBox,org.apache.pdfbox.pdmodel.common.function.type4,Parser.Tokenizer,90,187,19,23,21,60,16,19,2,10
Apache PDFBox,org.apache.pdfbox.pdmodel.common.function.type4,ArithmeticOperators.Mod,0,18,0,0,0,5,0,2,0,2
Apache PDFBox,org.apache.pdfbox.pdmodel.common.function.type4,ArithmeticOperators.Sub,7,51,3,5,1,12,3,3,0,2
Apache PDFBox,org.apache.pdfbox.pdmodel.common.function.type4,ArithmeticOperators.Cvi,0,14,0,0,0,4,0,2,0,2
Apache PDFBox,org.apache.pdfbox.pdmodel.common.function.type4,ArithmeticOperators.Cvr,0,14,0,0,0,4,0,2,0,2
Apache PDFBox,org.apache.pdfbox.pdmodel.common.function.type4,ArithmeticOperators.Atan,0,38,0,2,0,9,0,3,0,2
Apache PDFBox,org.apache.pdfbox.pdmodel.common.function.type4,BitwiseOperators.AbstractLogicalOperator,5,60,3,5,1,16,3,2,0,1
Apache PDFBox,org.apache.pdfbox.pdmodel.common.function.type4,InstructionSequence,13,86,1,9,3,25,2,10,1,6
Apache PDFBox,org.apache.pdfbox.pdmodel.common.function.type4,BitwiseOperators.Not,5,45,1,5,1,14,1,4,0,2
Apache PDFBox,org.apache.pdfbox.pdmodel.common.function.type4,ArithmeticOperators.Mul,0,59,1,7,0,12,1,5,0,2
Apache PDFBox,org.apache.pdfbox.pdmodel.common.function.type4,ArithmeticOperators.Truncate,0,27,0,2,0,6,0,3,0,2
Apache PDFBox,org.apache.pdfbox.pdmodel.common.function.type4,ConditionalOperators.IfElse,0,29,0,2,0,9,0,3,0,2
Apache PDFBox,org.apache.pdfbox.pdmodel.common.function.type4,RelationalOperators.AbstractNumberComparisonOperator,0,26,0,0,0,8,0,1,0,1
Apache PDFBox,org.apache.pdfbox.pdmodel.common.function.type4,RelationalOperators.Eq,0,52,1,5,0,14,1,5,0,3
Apache PDFBox,org.apache.pdfbox.pdmodel.common.function.type4,ArithmeticOperators.Log,0,16,0,0,0,4,0,2,0,2
Apache PDFBox,org.apache.pdfbox.pdmodel.common.function.type4,StackOperators.Index,6,27,1,1,1,7,1,2,0,2
Apache PDFBox,org.apache.pdfbox.pdmodel.common.function.type4,ArithmeticOperators.Round,0,27,0,2,0,6,0,3,0,2
Apache PDFBox,org.apache.pdfbox.pdmodel.common.function.type4,StackOperators.Dup,0,12,0,0,0,4,0,2,0,2
Apache PDFBox,org.apache.pdfbox.pdmodel.common.function.type4,ArithmeticOperators.Ln,0,16,0,0,0,4,0,2,0,2
Apache PDFBox,org.apache.pdfbox.pdmodel.common.function.type4,ArithmeticOperators.Add,0,58,1,7,0,12,1,5,0,2
Apache PDFBox,org.apache.pdfbox.pdmodel.common.function.type4,ArithmeticOperators.Sin,0,19,0,0,0,5,0,2,0,2
Apache PDFBox,org.apache.pdfbox.pdmodel.common.function.type4,RelationalOperators.Le,0,13,0,2,0,2,0,3,0,2
Apache PDFBox,org.apache.pdfbox.pdmodel.common.function.type4,Parser.AbstractSyntaxHandler,1,5,0,0,1,3,1,3,1,3
Apache PDFBox,org.apache.pdfbox.pdmodel.common.function.type4,InstructionSequenceBuilder,0,111,0,8,0,32,0,13,0,9
Apache PDFBox,org.apache.pdfbox.pdmodel.common.function.type4,RelationalOperators.Lt,0,13,0,2,0,2,0,3,0,2
Apache PDFBox,org.apache.pdfbox.pdmodel.common.function.type4,ArithmeticOperators.Sqrt,0,25,0,2,0,6,0,3,0,2
Apache PDFBox,org.apache.pdfbox.pdmodel.common.function.type4,RelationalOperators.Ne,0,14,0,2,0,3,0,3,0,2
Apache PDFBox,org.apache.pdfbox.pdmodel.common.function.type4,RelationalOperators.Ge,0,13,0,2,0,2,0,3,0,2
Apache PDFBox,org.apache.pdfbox.pdmodel.common.function.type4,RelationalOperators.Gt,0,13,0,2,0,2,0,3,0,2
Apache PDFBox,org.apache.pdfbox.pdmodel.common.function.type4,StackOperators.Copy,0,31,1,1,0,9,1,2,0,2
Apache PDFBox,org.apache.pdfbox.pdmodel.common.function.type4,ArithmeticOperators.Abs,0,27,0,2,0,6,0,3,0,2
Apache PDFBox,org.apache.pdfbox.pdmodel.common.function.type4,StackOperators.Pop,0,10,0,0,0,4,0,2,0,2
Apache PDFBox,org.apache.pdfbox.pdmodel.common.function.type4,ArithmeticOperators.Div,0,20,0,0,0,5,0,2,0,2
Apache PDFBox,org.apache.pdfbox.pdmodel.common.function.type4,BitwiseOperators.Bitshift,0,39,0,2,0,11,0,3,0,2
Apache PDFBox,org.apache.pdfbox.pdmodel.common.function.type4,BitwiseOperators.False,0,11,0,0,0,4,0,2,0,2
Apache PDFBox,org.apache.pdfbox.pdmodel.common.function.type4,ArithmeticOperators.Ceiling,0,25,0,2,0,6,0,3,0,2
Apache PDFBox,org.apache.pdfbox.pdmodel.common.function.type4,BitwiseOperators.True,0,11,0,0,0,4,0,2,0,2
Apache PDFBox,org.apache.pdfbox.pdmodel.common.function.type4,ArithmeticOperators.Exp,0,23,0,0,0,6,0,2,0,2
Apache PDFBox,org.apache.pdfbox.pdmodel.common.function.type4,Parser.State,0,27,0,0,0,2,0,1,0,1
Apache PDFBox,org.apache.pdfbox.pdmodel.common.function.type4,StackOperators.Roll,6,99,1,13,1,26,1,8,0,2
Apache PDFBox,org.apache.pdfbox.pdmodel.common.function.type4,BitwiseOperators.Xor,0,11,0,0,0,3,0,3,0,3
Apache PDFBox,org.apache.pdfbox.pdmodel.common.function.type4,ArithmeticOperators.Floor,0,25,0,2,0,6,0,3,0,2
Apache PDFBox,org.apache.pdfbox.pdmodel.common.function.type4,Operators,0,436,0,0,0,88,0,3,0,3
Apache PDFBox,org.apache.pdfbox.pdmodel.common.function.type4,StackOperators.Exch,0,21,0,0,0,7,0,2,0,2
Apache PDFBox,org.apache.pdfbox.pdmodel.common.function.type4,Parser,0,9,0,0,0,3,0,1,0,1
Apache PDFBox,org.apache.pdfbox.pdmodel.common.function.type4,BitwiseOperators.Or,0,15,1,3,0,3,1,4,0,3
Apache PDFBox,org.apache.pdfbox.pdmodel.common.function.type4,ArithmeticOperators.Cos,0,19,0,0,0,5,0,2,0,2
Apache PDFBox,org.apache.pdfbox.pdmodel.common.function.type4,ArithmeticOperators.Neg,0,42,0,4,0,10,0,4,0,2
Apache PDFBox,org.apache.pdfbox.pdmodel.interactive.annotation.handlers,PDSquigglyAppearanceHandler,374,0,14,0,73,0,13,0,6,0
Apache PDFBox,org.apache.pdfbox.pdmodel.interactive.annotation.handlers,PDHighlightAppearanceHandler,679,0,38,0,91,0,25,0,6,0
Apache PDFBox,org.apache.pdfbox.pdmodel.interactive.annotation.handlers,PDStrikeoutAppearanceHandler,422,0,20,0,64,0,16,0,6,0
Apache PDFBox,org.apache.pdfbox.pdmodel.interactive.annotation.handlers,PDSoundAppearanceHandler,12,0,0,0,7,0,5,0,5,0
Apache PDFBox,org.apache.pdfbox.pdmodel.interactive.annotation.handlers,AnnotationBorder,113,0,22,0,31,0,13,0,2,0
Apache PDFBox,org.apache.pdfbox.pdmodel.interactive.annotation.handlers,PDSquareAppearanceHandler,51,100,5,5,14,30,5,7,1,6
Apache PDFBox,org.apache.pdfbox.pdmodel.interactive.annotation.handlers,PDInkAppearanceHandler,245,0,20,0,54,0,16,0,6,0
Apache PDFBox,org.apache.pdfbox.pdmodel.interactive.annotation.handlers,PDCircleAppearanceHandler,237,0,10,0,57,0,12,0,7,0
Apache PDFBox,org.apache.pdfbox.pdmodel.interactive.annotation.handlers,PDLinkAppearanceHandler,57,228,10,16,12,54,9,11,1,6
Apache PDFBox,org.apache.pdfbox.pdmodel.interactive.annotation.handlers,CloudyBorder,2408,0,176,0,455,0,129,0,41,0
Apache PDFBox,org.apache.pdfbox.pdmodel.interactive.annotation.handlers,PDUnderlineAppearanceHandler,410,0,20,0,64,0,16,0,6,0
Apache PDFBox,org.apache.pdfbox.pdmodel.interactive.annotation.handlers,PDFreeTextAppearanceHandler,1037,0,102,0,225,0,61,0,8,0
Apache PDFBox,org.apache.pdfbox.pdmodel.interactive.annotation.handlers,PDCaretAppearanceHandler,159,0,2,0,38,0,7,0,6,0
Apache PDFBox,org.apache.pdfbox.pdmodel.interactive.annotation.handlers,PDLineAppearanceHandler,602,0,46,0,131,0,29,0,6,0
Apache PDFBox,org.apache.pdfbox.pdmodel.interactive.annotation.handlers,PDPolylineAppearanceHandler,480,0,38,0,92,0,25,0,6,0
Apache PDFBox,org.apache.pdfbox.pdmodel.interactive.annotation.handlers,PDTextAppearanceHandler,1653,89,32,1,376,26,42,5,16,5
Apache PDFBox,org.apache.pdfbox.pdmodel.interactive.annotation.handlers,PDFileAttachmentAppearanceHandler,1119,0,6,0,231,0,14,0,10,0
Apache PDFBox,org.apache.pdfbox.pdmodel.interactive.annotation.handlers,PDAbstractAppearanceHandler,480,336,33,13,79,71,33,22,9,20
Apache PDFBox,org.apache.pdfbox.pdmodel.interactive.annotation.handlers,PDPolygonAppearanceHandler,359,0,34,0,83,0,25,0,8,0
Apache PDFBox,org.apache.pdfbox.pdmodel.interactive.annotation.handlers,PDAppearanceHandler,0,7,0,0,0,4,0,1,0,1
Apache PDFBox,org.apache.pdfbox.pdmodel.common.filespecification,PDSimpleFileSpecification,10,19,0,0,4,6,2,3,2,3
Apache PDFBox,org.apache.pdfbox.pdmodel.common.filespecification,PDFileSpecification,27,10,5,1,5,4,3,2,0,2
Apache PDFBox,org.apache.pdfbox.pdmodel.common.filespecification,PDEmbeddedFile,207,10,24,0,50,3,30,2,18,2
Apache PDFBox,org.apache.pdfbox.pdmodel.common.filespecification,PDComplexFileSpecification,163,104,26,12,50,27,31,12,16,8
Apache PDFBox,org.apache.pdfbox.pdmodel.fixup.processor,AcroFormDefaultsProcessor,0,98,0,12,0,28,0,9,0,3
Apache PDFBox,org.apache.pdfbox.pdmodel.fixup.processor,AbstractProcessor,0,6,0,0,0,3,0,1,0,1
Apache PDFBox,org.apache.pdfbox.pdmodel.fixup.processor,AcroFormGenerateAppearancesProcessor,0,35,1,1,0,13,1,3,0,3
Apache PDFBox,org.apache.pdfbox.pdmodel.fixup.processor,AcroFormOrphanWidgetsProcessor,93,278,11,35,18,74,11,21,0,9
Apache PDFBox,org.apache.pdfbox.cos,COSName,4,1957,4,38,1,621,5,28,1,11
Apache PDFBox,org.apache.pdfbox.cos,COSBase,0,19,0,0,0,9,0,6,0,6
Apache PDFBox,org.apache.pdfbox.cos,UnmodifiableCOSDictionary,0,12,0,0,0,4,0,2,0,2
Apache PDFBox,org.apache.pdfbox.cos,COSInputStream,22,38,2,2,4,8,3,3,2,2
Apache PDFBox,org.apache.pdfbox.cos,COSString,49,307,14,34,13,60,13,26,1,14
Apache PDFBox,org.apache.pdfbox.cos,COSNull,0,34,0,0,0,7,0,4,0,4
Apache PDFBox,org.apache.pdfbox.cos,COSUpdateState,1,199,2,38,1,58,2,31,0,13
Apache PDFBox,org.apache.pdfbox.cos,COSArray,75,752,34,80,24,192,28,87,2,56
Apache PDFBox,org.apache.pdfbox.cos,COSStream,44,355,10,42,10,91,9,37,0,20
Apache PDFBox,org.apache.pdfbox.cos,COSUpdateInfo,0,13,0,0,0,4,0,3,0,3
Apache PDFBox,org.apache.pdfbox.cos,COSFloat,0,204,0,24,0,54,0,26,0,14
Apache PDFBox,org.apache.pdfbox.cos,COSDictionary,249,970,35,117,63,261,45,125,20,74
Apache PDFBox,org.apache.pdfbox.cos,COSNumber,0,106,1,25,0,24,1,15,0,3
Apache PDFBox,org.apache.pdfbox.cos,COSObject,28,119,4,6,7,34,4,14,1,12
Apache PDFBox,org.apache.pdfbox.cos,COSStream.new FilterOutputStream() {...},0,30,0,0,0,7,0,3,0,3
Apache PDFBox,org.apache.pdfbox.cos,COSStream.new FilterOutputStream() {...},0,30,0,0,0,7,0,3,0,3
Apache PDFBox,org.apache.pdfbox.cos,COSIncrement,11,356,17,75,5,83,17,42,0,13
Apache PDFBox,org.apache.pdfbox.cos,COSDocument,65,406,13,33,19,109,12,51,2,38
Apache PDFBox,org.apache.pdfbox.cos,COSBoolean,0,112,0,10,0,20,0,16,0,11
Apache PDFBox,org.apache.pdfbox.cos,COSInteger,0,132,0,12,0,30,0,19,0,13
Apache PDFBox,org.apache.pdfbox.cos,COSDocumentState,0,17,0,2,0,5,0,4,0,3
Apache PDFBox,org.apache.pdfbox.cos,COSObjectKey,0,103,0,10,0,21,0,17,0,12
Apache PDFBox,org.apache.pdfbox.cos,PDFDocEncoding,5,257,1,17,1,66,1,13,0,5
Apache PDFBox,org.apache.pdfbox.cos,COSOutputStream,7,125,0,14,2,31,1,12,1,5
Apache PDFBox,org.apache.pdfbox.contentstream.operator,DrawObject,16,57,5,7,5,19,5,5,0,4
Apache PDFBox,org.apache.pdfbox.contentstream.operator,OperatorProcessor,0,18,0,0,0,5,0,3,0,3
Apache PDFBox,org.apache.pdfbox.contentstream.operator,MissingOperandException,8,0,0,0,2,0,1,0,1,0
Apache PDFBox,org.apache.pdfbox.contentstream.operator,Operator,10,71,2,8,2,21,3,11,1,8
Apache PDFBox,org.apache.pdfbox.filter,ASCII85OutputStream,55,335,12,22,14,65,11,15,4,5
Apache PDFBox,org.apache.pdfbox.filter,CCITTFaxDecoderStream.Tree,13,130,3,21,3,32,3,12,0,3
Apache PDFBox,org.apache.pdfbox.filter,CCITTFaxEncoderStream.Code,0,9,0,0,0,4,0,1,0,1
Apache PDFBox,org.apache.pdfbox.filter,FlateFilterDecoderStream,46,198,8,22,12,54,11,15,6,5
Apache PDFBox,org.apache.pdfbox.filter,Predictor,264,311,29,28,37,53,16,20,0,5
Apache PDFBox,org.apache.pdfbox.filter,DecodeOptions.FinalDecodeOptions,25,7,0,0,5,4,5,2,5,2
Apache PDFBox,org.apache.pdfbox.filter,JBIG2Filter,160,9,14,0,42,3,11,2,4,2
Apache PDFBox,org.apache.pdfbox.filter,CCITTFaxFilter,27,257,12,20,6,54,10,11,0,5
Apache PDFBox,org.apache.pdfbox.filter,Predictor.PredictorOutputStream,30,160,4,12,6,41,6,9,2,5
Apache PDFBox,org.apache.pdfbox.filter,DCTFilter,83,445,16,34,25,103,15,23,2,10
Apache PDFBox,org.apache.pdfbox.filter,ASCII85InputStream,50,297,11,41,18,63,16,19,5,4
Apache PDFBox,org.apache.pdfbox.filter,LZWFilter,17,366,6,34,4,91,6,23,0,9
Apache PDFBox,org.apache.pdfbox.filter,CCITTFaxDecoderStream,191,2739,35,106,53,204,33,58,6,12
Apache PDFBox,org.apache.pdfbox.filter,IdentityFilter,0,21,0,0,0,7,0,3,0,3
Apache PDFBox,org.apache.pdfbox.filter,FlateFilter,0,50,0,0,0,14,0,3,0,3
Apache PDFBox,org.apache.pdfbox.filter,CCITTFaxEncoderStream,46,686,6,82,7,142,7,55,2,13
Apache PDFBox,org.apache.pdfbox.filter,RunLengthDecodeFilter,2,227,3,35,2,67,3,19,0,3
Apache PDFBox,org.apache.pdfbox.filter,CCITTFaxDecoderStream.Node,8,27,0,4,1,8,1,5,1,3
Apache PDFBox,org.apache.pdfbox.filter,FilterFactory,7,174,1,1,1,36,1,5,0,5
Apache PDFBox,org.apache.pdfbox.filter,CryptFilter,22,42,6,2,2,12,4,3,0,3
Apache PDFBox,org.apache.pdfbox.filter,MissingImageReaderException,4,0,0,0,2,0,1,0,1,0
Apache PDFBox,org.apache.pdfbox.filter,ASCIIHexFilter,29,1114,9,13,7,22,9,8,0,6
Apache PDFBox,org.apache.pdfbox.filter,ASCII85Filter,0,31,0,0,0,9,0,3,0,3
Apache PDFBox,org.apache.pdfbox.filter,JPXFilter,311,3,28,0,65,1,19,1,4,1
Apache PDFBox,org.apache.pdfbox.filter,Filter,78,205,19,29,21,54,14,19,1,8
Apache PDFBox,org.apache.pdfbox.filter,DecodeOptions,50,80,0,0,13,23,6,11,6,11
Apache PDFBox,org.apache.pdfbox.filter,DecodeResult,30,9,0,0,11,4,6,2,6,2
Apache PDFBox,org.apache.pdfbox.pdmodel.documentinterchange.logicalstructure,Revisions,47,41,4,0,8,10,4,5,2,5
Apache PDFBox,org.apache.pdfbox.pdmodel.documentinterchange.logicalstructure,PDDefaultAttributeObject,105,4,8,0,27,2,11,1,7,1
Apache PDFBox,org.apache.pdfbox.pdmodel.documentinterchange.logicalstructure,PDUserAttributeObject,88,0,6,0,26,0,11,0,8,0
Apache PDFBox,org.apache.pdfbox.pdmodel.documentinterchange.logicalstructure,PDUserProperty,176,0,22,0,50,0,26,0,15,0
Apache PDFBox,org.apache.pdfbox.pdmodel.documentinterchange.logicalstructure,PDParentTreeValue,4,16,0,0,1,7,1,3,1,3
Apache PDFBox,org.apache.pdfbox.pdmodel.documentinterchange.logicalstructure,PDAttributeObject,138,46,23,4,27,12,23,7,9,5
Apache PDFBox,org.apache.pdfbox.pdmodel.documentinterchange.logicalstructure,PDStructureTreeRoot,75,158,13,13,17,43,10,20,1,16
Apache PDFBox,org.apache.pdfbox.pdmodel.documentinterchange.logicalstructure,PDMarkInfo,12,41,0,0,3,13,2,7,2,7
Apache PDFBox,org.apache.pdfbox.pdmodel.documentinterchange.logicalstructure,PDObjectReference,90,10,12,0,30,4,13,2,7,2
Apache PDFBox,org.apache.pdfbox.pdmodel.documentinterchange.logicalstructure,PDStructureNode,204,220,43,31,64,59,33,23,8,10
Apache PDFBox,org.apache.pdfbox.pdmodel.documentinterchange.logicalstructure,PDMarkedContentReference,11,53,1,3,3,15,3,7,2,6
Apache PDFBox,org.apache.pdfbox.pdmodel.documentinterchange.logicalstructure,PDStructureElement,519,298,73,25,143,82,56,38,18,27
Apache PDFBox,org.apache.pdfbox.pdmodel.font.encoding,StandardEncoding,2,2126,0,2,1,156,1,4,1,3
Apache PDFBox,org.apache.pdfbox.pdmodel.font.encoding,MacExpertEncoding,4,2348,0,2,2,171,2,3,2,2
Apache PDFBox,org.apache.pdfbox.pdmodel.font.encoding,ZapfDingbatsEncoding,5,2670,0,2,2,194,2,3,2,2
Apache PDFBox,org.apache.pdfbox.pdmodel.font.encoding,MacRomanEncoding,4,2950,0,2,2,214,2,3,2,2
Apache PDFBox,org.apache.pdfbox.pdmodel.font.encoding,SymbolEncoding,5,2684,0,2,2,195,2,3,2,2
Apache PDFBox,org.apache.pdfbox.pdmodel.font.encoding,GlyphList,97,269,20,34,20,61,16,21,1,9
Apache PDFBox,org.apache.pdfbox.pdmodel.font.encoding,WinAnsiEncoding,0,3111,0,6,0,229,0,7,0,4
Apache PDFBox,org.apache.pdfbox.pdmodel.font.encoding,MacOSRomanEncoding,2,262,0,2,1,22,1,3,1,2
Apache PDFBox,org.apache.pdfbox.pdmodel.font.encoding,Type1Encoding,2,42,0,2,1,12,1,5,1,4
Apache PDFBox,org.apache.pdfbox.pdmodel.font.encoding,Encoding,14,110,4,10,4,24,4,12,1,8
Apache PDFBox,org.apache.pdfbox.pdmodel.font.encoding,BuiltInEncoding,7,7,0,0,2,3,2,1,2,1
Apache PDFBox,org.apache.pdfbox.pdmodel.font.encoding,DictionaryEncoding,98,148,11,15,23,43,10,12,2,7
Apache PDFBox,org.apache.pdfbox.contentstream.operator.graphics,CloseAndStrokePath,0,18,0,0,0,7,0,3,0,3
Apache PDFBox,org.apache.pdfbox.contentstream.operator.graphics,ClipNonZeroRule,0,11,0,0,0,5,0,3,0,3
Apache PDFBox,org.apache.pdfbox.contentstream.operator.graphics,BeginInlineImage,3,39,4,6,3,12,4,4,0,3
Apache PDFBox,org.apache.pdfbox.contentstream.operator.graphics,ShadingFill,29,6,4,0,7,3,3,2,1,2
Apache PDFBox,org.apache.pdfbox.contentstream.operator.graphics,EndPath,0,10,0,0,0,5,0,3,0,3
Apache PDFBox,org.apache.pdfbox.contentstream.operator.graphics,CurveToReplicateFinalPoint,23,76,3,3,4,17,3,4,0,4
Apache PDFBox,org.apache.pdfbox.contentstream.operator.graphics,AppendRectangleToPath,7,81,2,2,2,20,2,3,0,3
Apache PDFBox,org.apache.pdfbox.contentstream.operator.graphics,DrawObject,12,81,5,13,5,25,5,8,0,4
Apache PDFBox,org.apache.pdfbox.contentstream.operator.graphics,MoveTo,8,49,3,3,3,14,3,3,0,3
Apache PDFBox,org.apache.pdfbox.contentstream.operator.graphics,StrokePath,0,10,0,0,0,5,0,3,0,3
Apache PDFBox,org.apache.pdfbox.contentstream.operator.graphics,CurveToReplicateInitialPoint,23,78,3,3,4,17,3,4,0,4
Apache PDFBox,org.apache.pdfbox.contentstream.operator.graphics,LineTo,24,56,4,4,5,16,4,4,0,4
Apache PDFBox,org.apache.pdfbox.contentstream.operator.graphics,ClipEvenOddRule,0,11,0,0,0,5,0,3,0,3
Apache PDFBox,org.apache.pdfbox.contentstream.operator.graphics,GraphicsOperatorProcessor,0,8,0,0,0,3,0,2,0,2
Apache PDFBox,org.apache.pdfbox.contentstream.operator.graphics,ClosePath,4,19,1,1,2,8,1,4,0,4
Apache PDFBox,org.apache.pdfbox.contentstream.operator.graphics,FillNonZeroRule,0,11,0,0,0,5,0,3,0,3
Apache PDFBox,org.apache.pdfbox.contentstream.operator.graphics,CurveTo,23,91,3,3,4,19,3,4,0,4
Apache PDFBox,org.apache.pdfbox.contentstream.operator.graphics,CloseFillNonZeroAndStrokePath,12,6,0,0,4,3,1,2,1,2
Apache PDFBox,org.apache.pdfbox.contentstream.operator.graphics,FillNonZeroAndStrokePath,0,11,0,0,0,5,0,3,0,3
Apache PDFBox,org.apache.pdfbox.contentstream.operator.graphics,LegacyFillNonZeroRule,0,6,0,0,0,3,0,2,0,2
Apache PDFBox,org.apache.pdfbox.contentstream.operator.graphics,FillEvenOddAndStrokePath,5,6,0,0,2,3,1,2,1,2
Apache PDFBox,org.apache.pdfbox.contentstream.operator.graphics,FillEvenOddRule,0,11,0,0,0,5,0,3,0,3
Apache PDFBox,org.apache.pdfbox.contentstream.operator.graphics,CloseFillEvenOddAndStrokePath,12,6,0,0,4,3,1,2,1,2
Apache PDFBox,org.apache.pdfbox.pdmodel.interactive.documentnavigation.outline,PDOutlineNode,0,263,1,29,0,79,1,40,0,26
Apache PDFBox,org.apache.pdfbox.pdmodel.interactive.documentnavigation.outline,PDDocumentOutline,2,21,0,0,2,7,2,3,2,3
Apache PDFBox,org.apache.pdfbox.pdmodel.interactive.documentnavigation.outline,PDOutlineItem,186,152,14,16,44,52,22,18,13,12
Apache PDFBox,org.apache.pdfbox.pdmodel.interactive.documentnavigation.outline,PDOutlineItemIterator,4,54,2,10,1,15,2,8,0,4
